Best trial: 111. Best value: 0.703816:  88%|████████▊ | 132/150 [55:16:36<5:38:04, 1126.91s/it]Best trial: 111. Best value: 0.703816:  89%|████████▊ | 133/150 [55:16:36<6:32:06, 1383.93s/it]                                                                                               [I 2026-03-18 13:57:42,312] Trial 133 finished with value: 0.7037484479344944 and parameters: {'embedding_dim': 512, 'window_size': 6, 'normalization': True, 'group_size': 9, 'alpha': -0.3193637621371445, 'logreg_C': 0.07682255726834199, 'logreg_max_iter': 2000}. Best is trial 111 with value: 0.7038155642806806.
Best trial: 111. Best value: 0.703816:  89%|████████▊ | 133/150 [55:29:30<6:32:06, 1383.93s/it][trial 0133] state=COMPLETE valid=0.7037 train=0.7472 test_snapshot=0.6902 | best_valid=0.7038 (trial 111)
Best trial: 111. Best value: 0.703816:  89%|████████▊ | 133/150 [55:29:30<6:32:06, 1383.93s/it]Best trial: 111. Best value: 0.703816:  89%|████████▉ | 134/150 [55:29:30<5:20:12, 1200.80s/it]                                                                                               [I 2026-03-18 14:38:05,984] Trial 134 finished with value: 0.6989496291821873 and parameters: {'embedding_dim': 512, 'window_size': 6, 'normalization': True, 'group_size': 10, 'alpha': -0.30798537687968974, 'logreg_C': 0.26785436470129886, 'logreg_max_iter': 2000}. Best is trial 111 with value: 0.7038155642806806.
Best trial: 111. Best value: 0.703816:  89%|████████▉ | 134/150 [56:09:54<5:20:12, 1200.80s/it][trial 0134] state=COMPLETE valid=0.6989 train=0.7506 test_snapshot=0.6895 | best_valid=0.7038 (trial 111)
Best trial: 111. Best value: 0.703816:  89%|████████▉ | 134/150 [56:09:54<5:20:12, 1200.80s/it]Best trial: 111. Best value: 0.703816:  90%|█████████ | 135/150 [56:09:54<6:31:54, 1567.66s/it]                                                                                               [I 2026-03-18 14:49:52,593] Trial 135 finished with value: 0.6966005570656734 and parameters: {'embedding_dim': 512, 'window_size': 6, 'normalization': True, 'group_size': 8, 'alpha': -0.3898837187203848, 'logreg_C': 0.062480435689998365, 'logreg_max_iter': 2000}. Best is trial 111 with value: 0.7038155642806806.
Best trial: 111. Best value: 0.703816:  90%|█████████ | 135/150 [56:21:40<6:31:54, 1567.66s/it][trial 0135] state=COMPLETE valid=0.6966 train=0.7438 test_snapshot=0.6902 | best_valid=0.7038 (trial 111)
Best trial: 111. Best value: 0.703816:  90%|█████████ | 135/150 [56:21:40<6:31:54, 1567.66s/it]Best trial: 111. Best value: 0.703816:  91%|█████████ | 136/150 [56:21:40<5:05:30, 1309.34s/it]                                                                                               [I 2026-03-18 15:00:46,605] Trial 136 finished with value: 0.6844860565790798 and parameters: {'embedding_dim': 512, 'window_size': 2, 'normalization': True, 'group_size': 9, 'alpha': -0.22242681468852568, 'logreg_C': 0.0797789758153055, 'logreg_max_iter': 2000}. Best is trial 111 with value: 0.7038155642806806.
Best trial: 111. Best value: 0.703816:  91%|█████████ | 136/150 [56:32:34<5:05:30, 1309.34s/it][trial 0136] state=COMPLETE valid=0.6845 train=0.7370 test_snapshot=0.6748 | best_valid=0.7038 (trial 111)
Best trial: 111. Best value: 0.703816:  91%|█████████ | 136/150 [56:32:34<5:05:30, 1309.34s/it]Best trial: 111. Best value: 0.703816:  91%|█████████▏| 137/150 [56:32:34<4:01:05, 1112.74s/it]                                                                                               [I 2026-03-18 15:15:14,619] Trial 137 finished with value: 0.698748280143629 and parameters: {'embedding_dim': 512, 'window_size': 6, 'normalization': True, 'group_size': 10, 'alpha': -0.3204336220547662, 'logreg_C': 0.1163741446330343, 'logreg_max_iter': 2000}. Best is trial 111 with value: 0.7038155642806806.
Best trial: 111. Best value: 0.703816:  91%|█████████▏| 137/150 [56:47:02<4:01:05, 1112.74s/it][trial 0137] state=COMPLETE valid=0.6987 train=0.7477 test_snapshot=0.6884 | best_valid=0.7038 (trial 111)
Best trial: 111. Best value: 0.703816:  91%|█████████▏| 137/150 [56:47:02<4:01:05, 1112.74s/it]Best trial: 111. Best value: 0.703816:  92%|█████████▏| 138/150 [56:47:02<3:27:51, 1039.33s/it]/home/e20133/miniconda3/envs/fyp_env/lib/python3.10/site-packages/sklearn/linear_model/_sag.py:348: ConvergenceWarning: The max_iter was reached which means the coef_ did not converge
  warnings.warn(
                                                                                               [I 2026-03-18 16:01:18,630] Trial 138 finished with value: 0.7032786335111917 and parameters: {'embedding_dim': 512, 'window_size': 6, 'normalization': True, 'group_size': 9, 'alpha': -0.42688240061254784, 'logreg_C': 0.18021588714774367, 'logreg_max_iter': 500}. Best is trial 111 with value: 0.7038155642806806.
Best trial: 111. Best value: 0.703816:  92%|█████████▏| 138/150 [57:33:06<3:27:51, 1039.33s/it][trial 0138] state=COMPLETE valid=0.7033 train=0.7502 test_snapshot=0.6907 | best_valid=0.7038 (trial 111)
Best trial: 111. Best value: 0.703816:  92%|█████████▏| 138/150 [57:33:06<3:27:51, 1039.33s/it]Best trial: 111. Best value: 0.703816:  93%|█████████▎| 139/150 [57:33:06<4:45:24, 1556.73s/it]                                                                                               [I 2026-03-18 16:45:23,677] Trial 139 finished with value: 0.6973388368737206 and parameters: {'embedding_dim': 512, 'window_size': 6, 'normalization': True, 'group_size': 8, 'alpha': -0.4772211390334276, 'logreg_C': 0.1950678008744337, 'logreg_max_iter': 500}. Best is trial 111 with value: 0.7038155642806806.
Best trial: 111. Best value: 0.703816:  93%|█████████▎| 139/150 [58:17:11<4:45:24, 1556.73s/it][trial 0139] state=COMPLETE valid=0.6973 train=0.7488 test_snapshot=0.6910 | best_valid=0.7038 (trial 111)
Best trial: 111. Best value: 0.703816:  93%|█████████▎| 139/150 [58:17:11<4:45:24, 1556.73s/it]Best trial: 111. Best value: 0.703816:  93%|█████████▎| 140/150 [58:17:11<5:13:52, 1883.23s/it]                                                                                               [I 2026-03-18 17:01:02,121] Trial 140 finished with value: 0.7032786335111917 and parameters: {'embedding_dim': 512, 'window_size': 6, 'normalization': True, 'group_size': 9, 'alpha': -0.4301589815561161, 'logreg_C': 0.14595496194572133, 'logreg_max_iter': 500}. Best is trial 111 with value: 0.7038155642806806.
Best trial: 111. Best value: 0.703816:  93%|█████████▎| 140/150 [58:32:50<5:13:52, 1883.23s/it][trial 0140] state=COMPLETE valid=0.7033 train=0.7472 test_snapshot=0.6903 | best_valid=0.7038 (trial 111)
Best trial: 111. Best value: 0.703816:  93%|█████████▎| 140/150 [58:32:50<5:13:52, 1883.23s/it]Best trial: 111. Best value: 0.703816:  94%|█████████▍| 141/150 [58:32:50<3:59:58, 1599.79s/it]                                                                                               [I 2026-03-18 17:16:37,046] Trial 141 finished with value: 0.7031444008188195 and parameters: {'embedding_dim': 512, 'window_size': 6, 'normalization': True, 'group_size': 9, 'alpha': -0.42847350236479714, 'logreg_C': 0.14082415968504355, 'logreg_max_iter': 500}. Best is trial 111 with value: 0.7038155642806806.
Best trial: 111. Best value: 0.703816:  94%|█████████▍| 141/150 [58:48:25<3:59:58, 1599.79s/it][trial 0141] state=COMPLETE valid=0.7031 train=0.7474 test_snapshot=0.6903 | best_valid=0.7038 (trial 111)
Best trial: 111. Best value: 0.703816:  94%|█████████▍| 141/150 [58:48:25<3:59:58, 1599.79s/it]Best trial: 111. Best value: 0.703816:  95%|█████████▍| 142/150 [58:48:25<3:06:42, 1400.33s/it]/home/e20133/miniconda3/envs/fyp_env/lib/python3.10/site-packages/sklearn/linear_model/_sag.py:348: ConvergenceWarning: The max_iter was reached which means the coef_ did not converge
  warnings.warn(
                                                                                               [I 2026-03-18 18:02:33,597] Trial 142 finished with value: 0.7033457498573777 and parameters: {'embedding_dim': 512, 'window_size': 6, 'normalization': True, 'group_size': 9, 'alpha': -0.41297703161824967, 'logreg_C': 0.16628384334518964, 'logreg_max_iter': 500}. Best is trial 111 with value: 0.7038155642806806.
Best trial: 111. Best value: 0.703816:  95%|█████████▍| 142/150 [59:34:21<3:06:42, 1400.33s/it][trial 0142] state=COMPLETE valid=0.7033 train=0.7502 test_snapshot=0.6905 | best_valid=0.7038 (trial 111)
Best trial: 111. Best value: 0.703816:  95%|█████████▍| 142/150 [59:34:21<3:06:42, 1400.33s/it]Best trial: 111. Best value: 0.703816:  95%|█████████▌| 143/150 [59:34:21<3:30:50, 1807.20s/it]                                                                                               [I 2026-03-18 18:18:13,167] Trial 143 finished with value: 0.6978422094701164 and parameters: {'embedding_dim': 512, 'window_size': 6, 'normalization': True, 'group_size': 10, 'alpha': -0.38551923490038376, 'logreg_C': 0.11030579798366519, 'logreg_max_iter': 500}. Best is trial 111 with value: 0.7038155642806806.
Best trial: 111. Best value: 0.703816:  95%|█████████▌| 143/150 [59:50:01<3:30:50, 1807.20s/it][trial 0143] state=COMPLETE valid=0.6978 train=0.7480 test_snapshot=0.6888 | best_valid=0.7038 (trial 111)
Best trial: 111. Best value: 0.703816:  95%|█████████▌| 143/150 [59:50:01<3:30:50, 1807.20s/it]Best trial: 111. Best value: 0.703816:  96%|█████████▌| 144/150 [59:50:01<2:34:41, 1546.91s/it]                                                                                               [I 2026-03-18 18:21:37,985] Trial 144 finished with value: 0.6860297325413605 and parameters: {'embedding_dim': 512, 'window_size': 6, 'normalization': True, 'group_size': 9, 'alpha': -0.4575360596747676, 'logreg_C': 0.0011179129404105704, 'logreg_max_iter': 500}. Best is trial 111 with value: 0.7038155642806806.
Best trial: 111. Best value: 0.703816:  96%|█████████▌| 144/150 [59:53:26<2:34:41, 1546.91s/it][trial 0144] state=COMPLETE valid=0.6860 train=0.7119 test_snapshot=0.6780 | best_valid=0.7038 (trial 111)
Best trial: 111. Best value: 0.703816:  96%|█████████▌| 144/150 [59:53:26<2:34:41, 1546.91s/it]Best trial: 111. Best value: 0.703816:  97%|█████████▋| 145/150 [59:53:26<1:35:21, 1144.28s/it]                                                                                               [I 2026-03-18 19:02:36,672] Trial 145 finished with value: 0.6978422094701164 and parameters: {'embedding_dim': 512, 'window_size': 6, 'normalization': True, 'group_size': 8, 'alpha': -0.4099292524757576, 'logreg_C': 0.2540350691303728, 'logreg_max_iter': 500}. Best is trial 111 with value: 0.7038155642806806.
Best trial: 111. Best value: 0.703816:  97%|█████████▋| 145/150 [60:34:24<1:35:21, 1144.28s/it][trial 0145] state=COMPLETE valid=0.6978 train=0.7490 test_snapshot=0.6908 | best_valid=0.7038 (trial 111)
Best trial: 111. Best value: 0.703816:  97%|█████████▋| 145/150 [60:34:24<1:35:21, 1144.28s/it]Best trial: 111. Best value: 0.703816:  97%|█████████▋| 146/150 [60:34:24<1:42:34, 1538.60s/it]                                                                                               [I 2026-03-18 19:17:06,872] Trial 146 finished with value: 0.7019698647605624 and parameters: {'embedding_dim': 512, 'window_size': 6, 'normalization': True, 'group_size': 9, 'alpha': -0.5090934644439458, 'logreg_C': 0.07900319093645558, 'logreg_max_iter': 500}. Best is trial 111 with value: 0.7038155642806806.
Best trial: 111. Best value: 0.703816:  97%|█████████▋| 146/150 [60:48:54<1:42:34, 1538.60s/it][trial 0146] state=COMPLETE valid=0.7020 train=0.7460 test_snapshot=0.6910 | best_valid=0.7038 (trial 111)
Best trial: 111. Best value: 0.703816:  97%|█████████▋| 146/150 [60:48:54<1:42:34, 1538.60s/it]Best trial: 111. Best value: 0.703816:  98%|█████████▊| 147/150 [60:48:54<1:06:54, 1338.08s/it]                                                                                               [I 2026-03-18 19:38:12,363] Trial 147 finished with value: 0.6913319238900634 and parameters: {'embedding_dim': 512, 'window_size': 6, 'normalization': False, 'group_size': 9, 'alpha': -0.36539538218217626, 'logreg_C': 0.17756482560849346, 'logreg_max_iter': 500}. Best is trial 111 with value: 0.7038155642806806.
Best trial: 111. Best value: 0.703816:  98%|█████████▊| 147/150 [61:10:00<1:06:54, 1338.08s/it][trial 0147] state=COMPLETE valid=0.6913 train=0.7468 test_snapshot=0.6816 | best_valid=0.7038 (trial 111)
Best trial: 111. Best value: 0.703816:  98%|█████████▊| 147/150 [61:10:00<1:06:54, 1338.08s/it]Best trial: 111. Best value: 0.703816:  99%|█████████▊| 148/150 [61:10:00<43:52, 1316.30s/it]                                                                                               [I 2026-03-18 19:41:29,802] Trial 148 finished with value: 0.691701063794087 and parameters: {'embedding_dim': 256, 'window_size': 6, 'normalization': True, 'group_size': 10, 'alpha': -0.03130696534153379, 'logreg_C': 0.05216453985080981, 'logreg_max_iter': 500}. Best is trial 111 with value: 0.7038155642806806.
Best trial: 111. Best value: 0.703816:  99%|█████████▊| 148/150 [61:13:17<43:52, 1316.30s/it][trial 0148] state=COMPLETE valid=0.6917 train=0.7145 test_snapshot=0.6821 | best_valid=0.7038 (trial 111)
Best trial: 111. Best value: 0.703816:  99%|█████████▊| 148/150 [61:13:17<43:52, 1316.30s/it]Best trial: 111. Best value: 0.703816:  99%|█████████▉| 149/150 [61:13:17<16:20, 980.65s/it]                                                                                             [I 2026-03-18 20:21:45,338] Trial 149 finished with value: 0.6983455820665123 and parameters: {'embedding_dim': 512, 'window_size': 6, 'normalization': True, 'group_size': 8, 'alpha': -0.40108369193502413, 'logreg_C': 0.22682434711088217, 'logreg_max_iter': 2000}. Best is trial 111 with value: 0.7038155642806806.
Best trial: 111. Best value: 0.703816:  99%|█████████▉| 149/150 [61:53:33<16:20, 980.65s/it][trial 0149] state=COMPLETE valid=0.6983 train=0.7491 test_snapshot=0.6909 | best_valid=0.7038 (trial 111)
Best trial: 111. Best value: 0.703816:  99%|█████████▉| 149/150 [61:53:33<16:20, 980.65s/it]Best trial: 111. Best value: 0.703816: 100%|██████████| 150/150 [61:53:33<00:00, 1411.11s/it]Best trial: 111. Best value: 0.703816: 100%|██████████| 150/150 [61:53:33<00:00, 1485.42s/it]

=== Best Trial (Selected by Validation Accuracy) ===
Trial: 111
Best valid acc: 0.7038
Train acc: 0.7473
Test acc (final one-time eval): 0.6905
Params: {'embedding_dim': 512, 'window_size': 6, 'normalization': True, 'group_size': 9, 'alpha': -0.38964847051103335, 'logreg_C': 0.09961587292216915, 'logreg_max_iter': 2000}
Saved artifact: /scratch1/e20-fyp-hyb-rand-proj/fyp/code/experiments/optuna_ogbn_arxiv_best.json
