Best trial: 2. Best value: 0.703279:  16%|█▌        | 24/150 [11:13:11<65:09:57, 1861.89s/it]Best trial: 2. Best value: 0.703279:  17%|█▋        | 25/150 [11:13:11<63:04:52, 1816.74s/it]                                                                                             [I 2026-03-16 18:12:01,093] Trial 25 finished with value: 0.7004597469713749 and parameters: {'embedding_dim': 512, 'window_size': 6, 'normalization': True, 'group_size': 3, 'alpha': -0.5293690775817658, 'logreg_C': 99.08988768853216, 'logreg_max_iter': 1000}. Best is trial 2 with value: 0.7032786335111917.
Best trial: 2. Best value: 0.703279:  17%|█▋        | 25/150 [11:43:49<63:04:52, 1816.74s/it][trial 0025] state=COMPLETE valid=0.7005 train=0.7497 test_snapshot=0.6928 | best_valid=0.7033 (trial 2)
Best trial: 2. Best value: 0.703279:  17%|█▋        | 25/150 [11:43:49<63:04:52, 1816.74s/it]Best trial: 2. Best value: 0.703279:  17%|█▋        | 26/150 [11:43:49<62:47:21, 1822.91s/it]                                                                                             [I 2026-03-16 18:21:59,848] Trial 26 finished with value: 0.6702238330145307 and parameters: {'embedding_dim': 256, 'window_size': 3, 'normalization': False, 'group_size': 12, 'alpha': -0.2253330135957848, 'logreg_C': 1.1923049289856318, 'logreg_max_iter': 1000}. Best is trial 2 with value: 0.7032786335111917.
Best trial: 2. Best value: 0.703279:  17%|█▋        | 26/150 [11:53:47<62:47:21, 1822.91s/it][trial 0026] state=COMPLETE valid=0.6702 train=0.6959 test_snapshot=0.6636 | best_valid=0.7033 (trial 2)
Best trial: 2. Best value: 0.703279:  17%|█▋        | 26/150 [11:53:47<62:47:21, 1822.91s/it]Best trial: 2. Best value: 0.703279:  18%|█▊        | 27/150 [11:53:47<49:44:03, 1455.64s/it]                                                                                             [I 2026-03-16 18:27:25,245] Trial 27 finished with value: 0.6721702070539279 and parameters: {'embedding_dim': 128, 'window_size': 4, 'normalization': True, 'group_size': 7, 'alpha': -0.9722402200991738, 'logreg_C': 8.091928699417, 'logreg_max_iter': 1000}. Best is trial 2 with value: 0.7032786335111917.
Best trial: 2. Best value: 0.703279:  18%|█▊        | 27/150 [11:59:13<49:44:03, 1455.64s/it][trial 0027] state=COMPLETE valid=0.6722 train=0.6720 test_snapshot=0.6662 | best_valid=0.7033 (trial 2)
Best trial: 2. Best value: 0.703279:  18%|█▊        | 27/150 [11:59:13<49:44:03, 1455.64s/it]Best trial: 2. Best value: 0.703279:  19%|█▊        | 28/150 [11:59:13<37:50:19, 1116.55s/it]                                                                                             [I 2026-03-16 19:15:54,217] Trial 28 finished with value: 0.6993187690862109 and parameters: {'embedding_dim': 768, 'window_size': 5, 'normalization': True, 'group_size': 10, 'alpha': -0.4245628980217129, 'logreg_C': 2.0193999159817775, 'logreg_max_iter': 500}. Best is trial 2 with value: 0.7032786335111917.
Best trial: 2. Best value: 0.703279:  19%|█▊        | 28/150 [12:47:42<37:50:19, 1116.55s/it][trial 0028] state=COMPLETE valid=0.6993 train=0.7671 test_snapshot=0.6906 | best_valid=0.7033 (trial 2)
Best trial: 2. Best value: 0.703279:  19%|█▊        | 28/150 [12:47:42<37:50:19, 1116.55s/it]Best trial: 2. Best value: 0.703279:  19%|█▉        | 29/150 [12:47:42<55:36:09, 1654.30s/it]                                                                                             [I 2026-03-16 19:26:14,712] Trial 29 finished with value: 0.6726735796503238 and parameters: {'embedding_dim': 256, 'window_size': 2, 'normalization': True, 'group_size': 14, 'alpha': -0.38702710791642736, 'logreg_C': 26.553818714991348, 'logreg_max_iter': 2000}. Best is trial 2 with value: 0.7032786335111917.
Best trial: 2. Best value: 0.703279:  19%|█▉        | 29/150 [12:58:02<55:36:09, 1654.30s/it][trial 0029] state=COMPLETE valid=0.6727 train=0.6970 test_snapshot=0.6635 | best_valid=0.7033 (trial 2)
Best trial: 2. Best value: 0.703279:  19%|█▉        | 29/150 [12:58:02<55:36:09, 1654.30s/it]Best trial: 2. Best value: 0.703279:  20%|██        | 30/150 [12:58:02<44:48:17, 1344.15s/it]                                                                                             [I 2026-03-16 19:52:16,320] Trial 30 finished with value: 0.7002248397597235 and parameters: {'embedding_dim': 512, 'window_size': 6, 'normalization': True, 'group_size': 13, 'alpha': -0.06688215251907195, 'logreg_C': 4.811640685543558, 'logreg_max_iter': 1000}. Best is trial 2 with value: 0.7032786335111917.
Best trial: 2. Best value: 0.703279:  20%|██        | 30/150 [13:24:04<44:48:17, 1344.15s/it][trial 0030] state=COMPLETE valid=0.7002 train=0.7504 test_snapshot=0.6919 | best_valid=0.7033 (trial 2)
Best trial: 2. Best value: 0.703279:  20%|██        | 30/150 [13:24:04<44:48:17, 1344.15s/it]Best trial: 2. Best value: 0.703279:  21%|██        | 31/150 [13:24:04<46:35:17, 1409.39s/it]                                                                                             [I 2026-03-16 20:18:22,484] Trial 31 finished with value: 0.6986811637974428 and parameters: {'embedding_dim': 512, 'window_size': 4, 'normalization': True, 'group_size': 10, 'alpha': -0.08826727829423571, 'logreg_C': 4.498684155633987, 'logreg_max_iter': 1000}. Best is trial 2 with value: 0.7032786335111917.
Best trial: 2. Best value: 0.703279:  21%|██        | 31/150 [13:50:10<46:35:17, 1409.39s/it][trial 0031] state=COMPLETE valid=0.6987 train=0.7500 test_snapshot=0.6887 | best_valid=0.7033 (trial 2)
Best trial: 2. Best value: 0.703279:  21%|██        | 31/150 [13:50:10<46:35:17, 1409.39s/it]Best trial: 2. Best value: 0.703279:  21%|██▏       | 32/150 [13:50:10<47:44:17, 1456.42s/it]                                                                                             [I 2026-03-16 20:46:29,686] Trial 32 finished with value: 0.701667841202725 and parameters: {'embedding_dim': 512, 'window_size': 4, 'normalization': True, 'group_size': 11, 'alpha': -0.1243908890213688, 'logreg_C': 14.852618137561926, 'logreg_max_iter': 1000}. Best is trial 2 with value: 0.7032786335111917.
Best trial: 2. Best value: 0.703279:  21%|██▏       | 32/150 [14:18:17<47:44:17, 1456.42s/it][trial 0032] state=COMPLETE valid=0.7017 train=0.7487 test_snapshot=0.6910 | best_valid=0.7033 (trial 2)
Best trial: 2. Best value: 0.703279:  21%|██▏       | 32/150 [14:18:17<47:44:17, 1456.42s/it]Best trial: 2. Best value: 0.703279:  22%|██▏       | 33/150 [14:18:17<49:35:01, 1525.66s/it]                                                                                             [I 2026-03-16 21:13:58,903] Trial 33 finished with value: 0.6996543508171416 and parameters: {'embedding_dim': 512, 'window_size': 4, 'normalization': True, 'group_size': 15, 'alpha': -0.16267699444451217, 'logreg_C': 17.556266635949346, 'logreg_max_iter': 1000}. Best is trial 2 with value: 0.7032786335111917.
Best trial: 2. Best value: 0.703279:  22%|██▏       | 33/150 [14:45:46<49:35:01, 1525.66s/it][trial 0033] state=COMPLETE valid=0.6997 train=0.7503 test_snapshot=0.6905 | best_valid=0.7033 (trial 2)
Best trial: 2. Best value: 0.703279:  22%|██▏       | 33/150 [14:45:46<49:35:01, 1525.66s/it]Best trial: 2. Best value: 0.703279:  23%|██▎       | 34/150 [14:45:46<50:21:16, 1562.72s/it]                                                                                             [I 2026-03-16 21:43:54,715] Trial 34 finished with value: 0.6871035940803383 and parameters: {'embedding_dim': 512, 'window_size': 3, 'normalization': True, 'group_size': 12, 'alpha': -0.2690990462414283, 'logreg_C': 41.69532345219108, 'logreg_max_iter': 1000}. Best is trial 2 with value: 0.7032786335111917.
Best trial: 2. Best value: 0.703279:  23%|██▎       | 34/150 [15:15:42<50:21:16, 1562.72s/it][trial 0034] state=COMPLETE valid=0.6871 train=0.7358 test_snapshot=0.6781 | best_valid=0.7033 (trial 2)
Best trial: 2. Best value: 0.703279:  23%|██▎       | 34/150 [15:15:42<50:21:16, 1562.72s/it]Best trial: 2. Best value: 0.703279:  23%|██▎       | 35/150 [15:15:42<52:09:14, 1632.65s/it]                                                                                             [I 2026-03-16 22:26:53,337] Trial 35 finished with value: 0.7003590724520957 and parameters: {'embedding_dim': 512, 'window_size': 4, 'normalization': True, 'group_size': 7, 'alpha': -0.009981966685813137, 'logreg_C': 0.45203887632714596, 'logreg_max_iter': 1000}. Best is trial 2 with value: 0.7032786335111917.
Best trial: 2. Best value: 0.703279:  23%|██▎       | 35/150 [15:58:41<52:09:14, 1632.65s/it][trial 0035] state=COMPLETE valid=0.7004 train=0.7485 test_snapshot=0.6913 | best_valid=0.7033 (trial 2)
Best trial: 2. Best value: 0.703279:  23%|██▎       | 35/150 [15:58:41<52:09:14, 1632.65s/it]Best trial: 2. Best value: 0.703279:  24%|██▍       | 36/150 [15:58:41<60:41:14, 1916.44s/it]                                                                                             [I 2026-03-16 23:14:17,374] Trial 36 finished with value: 0.6979093258163026 and parameters: {'embedding_dim': 768, 'window_size': 5, 'normalization': False, 'group_size': 11, 'alpha': -0.271226643554158, 'logreg_C': 1.8963498496618083, 'logreg_max_iter': 500}. Best is trial 2 with value: 0.7032786335111917.
Best trial: 2. Best value: 0.703279:  24%|██▍       | 36/150 [16:46:05<60:41:14, 1916.44s/it][trial 0036] state=COMPLETE valid=0.6979 train=0.7675 test_snapshot=0.6890 | best_valid=0.7033 (trial 2)
Best trial: 2. Best value: 0.703279:  24%|██▍       | 36/150 [16:46:05<60:41:14, 1916.44s/it]Best trial: 2. Best value: 0.703279:  25%|██▍       | 37/150 [16:46:05<68:53:23, 2194.72s/it]                                                                                             [I 2026-03-16 23:15:12,334] Trial 37 finished with value: 0.6576395181046344 and parameters: {'embedding_dim': 128, 'window_size': 4, 'normalization': True, 'group_size': 5, 'alpha': -0.6446127857637336, 'logreg_C': 0.011169043659074505, 'logreg_max_iter': 1000}. Best is trial 2 with value: 0.7032786335111917.
Best trial: 2. Best value: 0.703279:  25%|██▍       | 37/150 [16:47:00<68:53:23, 2194.72s/it][trial 0037] state=COMPLETE valid=0.6576 train=0.6570 test_snapshot=0.6542 | best_valid=0.7033 (trial 2)
Best trial: 2. Best value: 0.703279:  25%|██▍       | 37/150 [16:47:00<68:53:23, 2194.72s/it]Best trial: 2. Best value: 0.703279:  25%|██▌       | 38/150 [16:47:00<48:18:32, 1552.79s/it]                                                                                             [I 2026-03-16 23:39:38,858] Trial 38 finished with value: 0.6872713849458035 and parameters: {'embedding_dim': 512, 'window_size': 5, 'normalization': False, 'group_size': 15, 'alpha': -0.49899467379601625, 'logreg_C': 6.397792327631498, 'logreg_max_iter': 2000}. Best is trial 2 with value: 0.7032786335111917.
Best trial: 2. Best value: 0.703279:  25%|██▌       | 38/150 [17:11:26<48:18:32, 1552.79s/it][trial 0038] state=COMPLETE valid=0.6873 train=0.7425 test_snapshot=0.6756 | best_valid=0.7033 (trial 2)
Best trial: 2. Best value: 0.703279:  25%|██▌       | 38/150 [17:11:26<48:18:32, 1552.79s/it]Best trial: 2. Best value: 0.703279:  26%|██▌       | 39/150 [17:11:26<47:04:47, 1526.91s/it]                                                                                             [I 2026-03-17 00:04:01,414] Trial 39 finished with value: 0.6819020772509145 and parameters: {'embedding_dim': 512, 'window_size': 2, 'normalization': True, 'group_size': 13, 'alpha': -0.05484296117020784, 'logreg_C': 12.463035728794951, 'logreg_max_iter': 500}. Best is trial 2 with value: 0.7032786335111917.
Best trial: 2. Best value: 0.703279:  26%|██▌       | 39/150 [17:35:49<47:04:47, 1526.91s/it][trial 0039] state=COMPLETE valid=0.6819 train=0.7412 test_snapshot=0.6727 | best_valid=0.7033 (trial 2)
Best trial: 2. Best value: 0.703279:  26%|██▌       | 39/150 [17:35:49<47:04:47, 1526.91s/it]Best trial: 2. Best value: 0.703279:  27%|██▋       | 40/150 [17:35:49<46:03:56, 1507.60s/it]                                                                                             [I 2026-03-17 00:48:07,220] Trial 40 finished with value: 0.6818349609047284 and parameters: {'embedding_dim': 768, 'window_size': 3, 'normalization': True, 'group_size': 9, 'alpha': -0.7564854455212283, 'logreg_C': 58.07319032651917, 'logreg_max_iter': 1000}. Best is trial 2 with value: 0.7032786335111917.
Best trial: 2. Best value: 0.703279:  27%|██▋       | 40/150 [18:19:55<46:03:56, 1507.60s/it][trial 0040] state=COMPLETE valid=0.6818 train=0.7493 test_snapshot=0.6743 | best_valid=0.7033 (trial 2)
Best trial: 2. Best value: 0.703279:  27%|██▋       | 40/150 [18:19:55<46:03:56, 1507.60s/it]Best trial: 2. Best value: 0.703279:  27%|██▋       | 41/150 [18:19:55<55:59:08, 1849.07s/it]                                                                                             [I 2026-03-17 01:13:33,311] Trial 41 finished with value: 0.7012987012987013 and parameters: {'embedding_dim': 512, 'window_size': 4, 'normalization': True, 'group_size': 11, 'alpha': -0.11200967069690188, 'logreg_C': 2.9555704966192424, 'logreg_max_iter': 1000}. Best is trial 2 with value: 0.7032786335111917.
Best trial: 2. Best value: 0.703279:  27%|██▋       | 41/150 [18:45:21<55:59:08, 1849.07s/it][trial 0041] state=COMPLETE valid=0.7013 train=0.7487 test_snapshot=0.6910 | best_valid=0.7033 (trial 2)
Best trial: 2. Best value: 0.703279:  27%|██▋       | 41/150 [18:45:21<55:59:08, 1849.07s/it]Best trial: 2. Best value: 0.703279:  28%|██▊       | 42/150 [18:45:21<52:33:54, 1752.17s/it]                                                                                             [I 2026-03-17 01:38:47,933] Trial 42 finished with value: 0.6983791402396053 and parameters: {'embedding_dim': 512, 'window_size': 4, 'normalization': True, 'group_size': 10, 'alpha': -0.11041875636336823, 'logreg_C': 16.15264347202969, 'logreg_max_iter': 1000}. Best is trial 2 with value: 0.7032786335111917.
Best trial: 2. Best value: 0.703279:  28%|██▊       | 42/150 [19:10:36<52:33:54, 1752.17s/it][trial 0042] state=COMPLETE valid=0.6984 train=0.7501 test_snapshot=0.6888 | best_valid=0.7033 (trial 2)
Best trial: 2. Best value: 0.703279:  28%|██▊       | 42/150 [19:10:36<52:33:54, 1752.17s/it]Best trial: 2. Best value: 0.703279:  29%|██▊       | 43/150 [19:10:36<49:57:37, 1680.91s/it]                                                                                             [I 2026-03-17 02:06:34,567] Trial 43 finished with value: 0.7018356320681902 and parameters: {'embedding_dim': 512, 'window_size': 4, 'normalization': True, 'group_size': 11, 'alpha': -0.049161905045794096, 'logreg_C': 7.564946773951369, 'logreg_max_iter': 1000}. Best is trial 2 with value: 0.7032786335111917.
Best trial: 2. Best value: 0.703279:  29%|██▊       | 43/150 [19:38:22<49:57:37, 1680.91s/it][trial 0043] state=COMPLETE valid=0.7018 train=0.7489 test_snapshot=0.6908 | best_valid=0.7033 (trial 2)
Best trial: 2. Best value: 0.703279:  29%|██▊       | 43/150 [19:38:22<49:57:37, 1680.91s/it]Best trial: 2. Best value: 0.703279:  29%|██▉       | 44/150 [19:38:22<49:22:02, 1676.63s/it]                                                                                             [I 2026-03-17 02:31:57,659] Trial 44 finished with value: 0.7008288868753985 and parameters: {'embedding_dim': 512, 'window_size': 4, 'normalization': True, 'group_size': 7, 'alpha': -0.03979485936665034, 'logreg_C': 8.831765567076065, 'logreg_max_iter': 1000}. Best is trial 2 with value: 0.7032786335111917.
Best trial: 2. Best value: 0.703279:  29%|██▉       | 44/150 [20:03:45<49:22:02, 1676.63s/it][trial 0044] state=COMPLETE valid=0.7008 train=0.7489 test_snapshot=0.6913 | best_valid=0.7033 (trial 2)
Best trial: 2. Best value: 0.703279:  29%|██▉       | 44/150 [20:03:45<49:22:02, 1676.63s/it]Best trial: 2. Best value: 0.703279:  30%|███       | 45/150 [20:03:45<47:33:29, 1630.57s/it]                                                                                             [I 2026-03-17 02:58:43,101] Trial 45 finished with value: 0.7013322594717943 and parameters: {'embedding_dim': 512, 'window_size': 5, 'normalization': True, 'group_size': 3, 'alpha': -0.19139985758307737, 'logreg_C': 1.5345928178493362, 'logreg_max_iter': 2000}. Best is trial 2 with value: 0.7032786335111917.
Best trial: 2. Best value: 0.703279:  30%|███       | 45/150 [20:30:31<47:33:29, 1630.57s/it][trial 0045] state=COMPLETE valid=0.7013 train=0.7505 test_snapshot=0.6919 | best_valid=0.7033 (trial 2)
Best trial: 2. Best value: 0.703279:  30%|███       | 45/150 [20:30:31<47:33:29, 1630.57s/it]Best trial: 2. Best value: 0.703279:  31%|███       | 46/150 [20:30:31<46:53:14, 1623.03s/it]                                                                                             [I 2026-03-17 03:22:30,231] Trial 46 finished with value: 0.6962314171616497 and parameters: {'embedding_dim': 512, 'window_size': 6, 'normalization': False, 'group_size': 14, 'alpha': -0.15006934041512124, 'logreg_C': 28.811741566580622, 'logreg_max_iter': 1000}. Best is trial 2 with value: 0.7032786335111917.
Best trial: 2. Best value: 0.703279:  31%|███       | 46/150 [20:54:18<46:53:14, 1623.03s/it][trial 0046] state=COMPLETE valid=0.6962 train=0.7495 test_snapshot=0.6885 | best_valid=0.7033 (trial 2)
Best trial: 2. Best value: 0.703279:  31%|███       | 46/150 [20:54:18<46:53:14, 1623.03s/it]Best trial: 2. Best value: 0.703279:  31%|███▏      | 47/150 [20:54:18<44:45:18, 1564.26s/it]                                                                                             [I 2026-03-17 03:26:20,539] Trial 47 finished with value: 0.6548541897379107 and parameters: {'embedding_dim': 128, 'window_size': 3, 'normalization': True, 'group_size': 6, 'alpha': -0.2493299315553496, 'logreg_C': 2.540205803725755, 'logreg_max_iter': 500}. Best is trial 2 with value: 0.7032786335111917.
Best trial: 2. Best value: 0.703279:  31%|███▏      | 47/150 [20:58:08<44:45:18, 1564.26s/it][trial 0047] state=COMPLETE valid=0.6549 train=0.6552 test_snapshot=0.6496 | best_valid=0.7033 (trial 2)
Best trial: 2. Best value: 0.703279:  31%|███▏      | 47/150 [20:58:08<44:45:18, 1564.26s/it]Best trial: 2. Best value: 0.703279:  32%|███▏      | 48/150 [20:58:08<32:58:55, 1164.07s/it]                                                                                             [I 2026-03-17 03:33:46,028] Trial 48 finished with value: 0.6941843686029733 and parameters: {'embedding_dim': 256, 'window_size': 5, 'normalization': True, 'group_size': 5, 'alpha': -0.004253661239503992, 'logreg_C': 0.14213497938520778, 'logreg_max_iter': 2000}. Best is trial 2 with value: 0.7032786335111917.
Best trial: 2. Best value: 0.703279:  32%|███▏      | 48/150 [21:05:34<32:58:55, 1164.07s/it][trial 0048] state=COMPLETE valid=0.6942 train=0.7195 test_snapshot=0.6834 | best_valid=0.7033 (trial 2)
Best trial: 2. Best value: 0.703279:  32%|███▏      | 48/150 [21:05:34<32:58:55, 1164.07s/it]Best trial: 2. Best value: 0.703279:  33%|███▎      | 49/150 [21:05:34<26:36:38, 948.50s/it]                                                                                             [I 2026-03-17 04:00:18,180] Trial 49 finished with value: 0.7024732373569583 and parameters: {'embedding_dim': 512, 'window_size': 4, 'normalization': True, 'group_size': 9, 'alpha': -0.324862315879002, 'logreg_C': 0.5800321446401601, 'logreg_max_iter': 1000}. Best is trial 2 with value: 0.7032786335111917.
Best trial: 2. Best value: 0.703279:  33%|███▎      | 49/150 [21:32:06<26:36:38, 948.50s/it][trial 0049] state=COMPLETE valid=0.7025 train=0.7504 test_snapshot=0.6902 | best_valid=0.7033 (trial 2)
Best trial: 2. Best value: 0.703279:  33%|███▎      | 49/150 [21:32:06<26:36:38, 948.50s/it]Best trial: 2. Best value: 0.703279:  33%|███▎      | 50/150 [21:32:06<31:42:39, 1141.59s/it]                                                                                             [I 2026-03-17 04:26:55,111] Trial 50 finished with value: 0.7030772844726333 and parameters: {'embedding_dim': 512, 'window_size': 6, 'normalization': True, 'group_size': 9, 'alpha': -0.3538302321682858, 'logreg_C': 0.6128449451593445, 'logreg_max_iter': 2000}. Best is trial 2 with value: 0.7032786335111917.
Best trial: 2. Best value: 0.703279:  33%|███▎      | 50/150 [21:58:43<31:42:39, 1141.59s/it][trial 0050] state=COMPLETE valid=0.7031 train=0.7505 test_snapshot=0.6907 | best_valid=0.7033 (trial 2)
Best trial: 2. Best value: 0.703279:  33%|███▎      | 50/150 [21:58:43<31:42:39, 1141.59s/it]Best trial: 2. Best value: 0.703279:  34%|███▍      | 51/150 [21:58:43<35:09:01, 1278.19s/it]                                                                                             [I 2026-03-17 05:27:54,089] Trial 51 finished with value: 0.7033457498573777 and parameters: {'embedding_dim': 512, 'window_size': 6, 'normalization': True, 'group_size': 9, 'alpha': -0.38617520546790635, 'logreg_C': 0.4118221504053181, 'logreg_max_iter': 2000}. Best is trial 51 with value: 0.7033457498573777.
Best trial: 2. Best value: 0.703279:  34%|███▍      | 51/150 [22:59:42<35:09:01, 1278.19s/it][trial 0051] state=COMPLETE valid=0.7033 train=0.7504 test_snapshot=0.6910 | best_valid=0.7033 (trial 51)
