Best trial: 51. Best value: 0.703346:  34%|███▍      | 51/150 [22:59:42<35:09:01, 1278.19s/it]Best trial: 51. Best value: 0.703346:  35%|███▍      | 52/150 [22:59:42<54:14:18, 1992.43s/it]                                                                                              [I 2026-03-17 06:11:31,696] Trial 52 finished with value: 0.7031779589919125 and parameters: {'embedding_dim': 512, 'window_size': 6, 'normalization': True, 'group_size': 9, 'alpha': -0.3587877355648419, 'logreg_C': 0.33079333259117066, 'logreg_max_iter': 2000}. Best is trial 51 with value: 0.7033457498573777.
Best trial: 51. Best value: 0.703346:  35%|███▍      | 52/150 [23:43:19<54:14:18, 1992.43s/it][trial 0052] state=COMPLETE valid=0.7032 train=0.7503 test_snapshot=0.6907 | best_valid=0.7033 (trial 51)
Best trial: 51. Best value: 0.703346:  35%|███▍      | 52/150 [23:43:19<54:14:18, 1992.43s/it]Best trial: 51. Best value: 0.703346:  35%|███▌      | 53/150 [23:43:19<58:44:18, 2179.98s/it]                                                                                              [I 2026-03-17 06:26:29,695] Trial 53 finished with value: 0.7033793080304708 and parameters: {'embedding_dim': 512, 'window_size': 6, 'normalization': True, 'group_size': 9, 'alpha': -0.36968291560451666, 'logreg_C': 0.07147756115279819, 'logreg_max_iter': 2000}. Best is trial 53 with value: 0.7033793080304708.
Best trial: 51. Best value: 0.703346:  35%|███▌      | 53/150 [23:58:17<58:44:18, 2179.98s/it][trial 0053] state=COMPLETE valid=0.7034 train=0.7468 test_snapshot=0.6905 | best_valid=0.7034 (trial 53)
Best trial: 53. Best value: 0.703379:  35%|███▌      | 53/150 [23:58:17<58:44:18, 2179.98s/it]Best trial: 53. Best value: 0.703379:  36%|███▌      | 54/150 [23:58:17<47:52:37, 1795.39s/it]                                                                                              [I 2026-03-17 06:39:13,039] Trial 54 finished with value: 0.6964998825463942 and parameters: {'embedding_dim': 512, 'window_size': 6, 'normalization': True, 'group_size': 8, 'alpha': -0.36205800671540206, 'logreg_C': 0.056628581545726225, 'logreg_max_iter': 2000}. Best is trial 53 with value: 0.7033793080304708.
Best trial: 53. Best value: 0.703379:  36%|███▌      | 54/150 [24:11:01<47:52:37, 1795.39s/it][trial 0054] state=COMPLETE valid=0.6965 train=0.7437 test_snapshot=0.6906 | best_valid=0.7034 (trial 53)
Best trial: 53. Best value: 0.703379:  36%|███▌      | 54/150 [24:11:01<47:52:37, 1795.39s/it]Best trial: 53. Best value: 0.703379:  37%|███▋      | 55/150 [24:11:01<39:12:28, 1485.77s/it]                                                                                              [I 2026-03-17 07:27:43,514] Trial 55 finished with value: 0.7032450753380985 and parameters: {'embedding_dim': 512, 'window_size': 6, 'normalization': True, 'group_size': 9, 'alpha': -0.328262879499258, 'logreg_C': 0.3236846651341996, 'logreg_max_iter': 2000}. Best is trial 53 with value: 0.7033793080304708.
Best trial: 53. Best value: 0.703379:  37%|███▋      | 55/150 [24:59:31<39:12:28, 1485.77s/it][trial 0055] state=COMPLETE valid=0.7032 train=0.7504 test_snapshot=0.6909 | best_valid=0.7034 (trial 53)
Best trial: 53. Best value: 0.703379:  37%|███▋      | 55/150 [24:59:31<39:12:28, 1485.77s/it]Best trial: 53. Best value: 0.703379:  37%|███▋      | 56/150 [24:59:31<49:57:19, 1913.18s/it]                                                                                              [I 2026-03-17 07:39:11,517] Trial 56 finished with value: 0.6961978589885567 and parameters: {'embedding_dim': 512, 'window_size': 6, 'normalization': True, 'group_size': 8, 'alpha': -0.5344395602242648, 'logreg_C': 0.04009453651502417, 'logreg_max_iter': 2000}. Best is trial 53 with value: 0.7033793080304708.
Best trial: 53. Best value: 0.703379:  37%|███▋      | 56/150 [25:10:59<49:57:19, 1913.18s/it][trial 0056] state=COMPLETE valid=0.6962 train=0.7411 test_snapshot=0.6898 | best_valid=0.7034 (trial 53)
Best trial: 53. Best value: 0.703379:  37%|███▋      | 56/150 [25:10:59<49:57:19, 1913.18s/it]Best trial: 53. Best value: 0.703379:  38%|███▊      | 57/150 [25:10:59<39:55:43, 1545.63s/it]                                                                                              [I 2026-03-17 07:45:19,323] Trial 57 finished with value: 0.7002248397597235 and parameters: {'embedding_dim': 512, 'window_size': 6, 'normalization': True, 'group_size': 9, 'alpha': -0.4244997261158767, 'logreg_C': 0.012755289575459426, 'logreg_max_iter': 2000}. Best is trial 53 with value: 0.7033793080304708.
Best trial: 53. Best value: 0.703379:  38%|███▊      | 57/150 [25:17:07<39:55:43, 1545.63s/it][trial 0057] state=COMPLETE valid=0.7002 train=0.7373 test_snapshot=0.6897 | best_valid=0.7034 (trial 53)
Best trial: 53. Best value: 0.703379:  38%|███▊      | 57/150 [25:17:07<39:55:43, 1545.63s/it]Best trial: 53. Best value: 0.703379:  39%|███▊      | 58/150 [25:17:07<30:28:09, 1192.28s/it]                                                                                              [I 2026-03-17 08:12:43,391] Trial 58 finished with value: 0.6914661565824356 and parameters: {'embedding_dim': 512, 'window_size': 6, 'normalization': False, 'group_size': 10, 'alpha': -0.34942435350514106, 'logreg_C': 0.3038483736666248, 'logreg_max_iter': 2000}. Best is trial 53 with value: 0.7033793080304708.
Best trial: 53. Best value: 0.703379:  39%|███▊      | 58/150 [25:44:31<30:28:09, 1192.28s/it][trial 0058] state=COMPLETE valid=0.6915 train=0.7473 test_snapshot=0.6827 | best_valid=0.7034 (trial 53)
Best trial: 53. Best value: 0.703379:  39%|███▊      | 58/150 [25:44:31<30:28:09, 1192.28s/it]Best trial: 53. Best value: 0.703379:  39%|███▉      | 59/150 [25:44:31<33:33:51, 1327.82s/it]                                                                                              [I 2026-03-17 08:18:32,872] Trial 59 finished with value: 0.6943857176415316 and parameters: {'embedding_dim': 256, 'window_size': 6, 'normalization': True, 'group_size': 7, 'alpha': -0.29815151663437856, 'logreg_C': 0.13439179366336967, 'logreg_max_iter': 2000}. Best is trial 53 with value: 0.7033793080304708.
Best trial: 53. Best value: 0.703379:  39%|███▉      | 59/150 [25:50:20<33:33:51, 1327.82s/it][trial 0059] state=COMPLETE valid=0.6944 train=0.7171 test_snapshot=0.6864 | best_valid=0.7034 (trial 53)
Best trial: 53. Best value: 0.703379:  39%|███▉      | 59/150 [25:50:20<33:33:51, 1327.82s/it]Best trial: 53. Best value: 0.703379:  40%|████      | 60/150 [25:50:20<25:51:28, 1034.32s/it]                                                                                              [I 2026-03-17 08:19:53,152] Trial 60 finished with value: 0.6728749286888822 and parameters: {'embedding_dim': 128, 'window_size': 6, 'normalization': True, 'group_size': 8, 'alpha': -0.40365829662673947, 'logreg_C': 0.09331063241069923, 'logreg_max_iter': 2000}. Best is trial 53 with value: 0.7033793080304708.
Best trial: 53. Best value: 0.703379:  40%|████      | 60/150 [25:51:41<25:51:28, 1034.32s/it][trial 0060] state=COMPLETE valid=0.6729 train=0.6784 test_snapshot=0.6666 | best_valid=0.7034 (trial 53)
Best trial: 53. Best value: 0.703379:  40%|████      | 60/150 [25:51:41<25:51:28, 1034.32s/it]Best trial: 53. Best value: 0.703379:  41%|████      | 61/150 [25:51:41<18:29:41, 748.11s/it]                                                                                              [I 2026-03-17 09:05:05,938] Trial 61 finished with value: 0.7031779589919125 and parameters: {'embedding_dim': 512, 'window_size': 6, 'normalization': True, 'group_size': 9, 'alpha': -0.34206228552931345, 'logreg_C': 0.46083713754391986, 'logreg_max_iter': 2000}. Best is trial 53 with value: 0.7033793080304708.
Best trial: 53. Best value: 0.703379:  41%|████      | 61/150 [26:36:54<18:29:41, 748.11s/it][trial 0061] state=COMPLETE valid=0.7032 train=0.7503 test_snapshot=0.6910 | best_valid=0.7034 (trial 53)
Best trial: 53. Best value: 0.703379:  41%|████      | 61/150 [26:36:54<18:29:41, 748.11s/it]Best trial: 53. Best value: 0.703379:  41%|████▏     | 62/150 [26:36:54<32:41:40, 1337.51s/it]                                                                                              [I 2026-03-17 09:43:56,420] Trial 62 finished with value: 0.702909493607168 and parameters: {'embedding_dim': 512, 'window_size': 6, 'normalization': True, 'group_size': 9, 'alpha': -0.4736553484458682, 'logreg_C': 0.47603157807212765, 'logreg_max_iter': 2000}. Best is trial 53 with value: 0.7033793080304708.
Best trial: 53. Best value: 0.703379:  41%|████▏     | 62/150 [27:15:44<32:41:40, 1337.51s/it][trial 0062] state=COMPLETE valid=0.7029 train=0.7497 test_snapshot=0.6906 | best_valid=0.7034 (trial 53)
Best trial: 53. Best value: 0.703379:  41%|████▏     | 62/150 [27:15:44<32:41:40, 1337.51s/it]Best trial: 53. Best value: 0.703379:  42%|████▏     | 63/150 [27:15:44<39:31:19, 1635.40s/it]                                                                                              [I 2026-03-17 10:30:31,003] Trial 63 finished with value: 0.6990167455283735 and parameters: {'embedding_dim': 512, 'window_size': 6, 'normalization': True, 'group_size': 10, 'alpha': -0.3788919579717548, 'logreg_C': 0.21931064806857106, 'logreg_max_iter': 2000}. Best is trial 53 with value: 0.7033793080304708.
Best trial: 53. Best value: 0.703379:  42%|████▏     | 63/150 [28:02:19<39:31:19, 1635.40s/it][trial 0063] state=COMPLETE valid=0.6990 train=0.7509 test_snapshot=0.6894 | best_valid=0.7034 (trial 53)
Best trial: 53. Best value: 0.703379:  42%|████▏     | 63/150 [28:02:19<39:31:19, 1635.40s/it]Best trial: 53. Best value: 0.703379:  43%|████▎     | 64/150 [28:02:19<47:22:31, 1983.16s/it]                                                                                              [I 2026-03-17 10:57:26,286] Trial 64 finished with value: 0.6994194436054901 and parameters: {'embedding_dim': 512, 'window_size': 6, 'normalization': True, 'group_size': 8, 'alpha': -0.3170218342937614, 'logreg_C': 0.9406959611636209, 'logreg_max_iter': 2000}. Best is trial 53 with value: 0.7033793080304708.
Best trial: 53. Best value: 0.703379:  43%|████▎     | 64/150 [28:29:14<47:22:31, 1983.16s/it][trial 0064] state=COMPLETE valid=0.6994 train=0.7497 test_snapshot=0.6910 | best_valid=0.7034 (trial 53)
Best trial: 53. Best value: 0.703379:  43%|████▎     | 64/150 [28:29:14<47:22:31, 1983.16s/it]Best trial: 53. Best value: 0.703379:  43%|████▎     | 65/150 [28:29:14<44:13:07, 1872.79s/it]                                                                                              [I 2026-03-17 11:46:28,884] Trial 65 finished with value: 0.6984798147588845 and parameters: {'embedding_dim': 512, 'window_size': 6, 'normalization': True, 'group_size': 10, 'alpha': -0.43332701876116525, 'logreg_C': 0.29557193868301157, 'logreg_max_iter': 2000}. Best is trial 53 with value: 0.7033793080304708.
Best trial: 53. Best value: 0.703379:  43%|████▎     | 65/150 [29:18:16<44:13:07, 1872.79s/it][trial 0065] state=COMPLETE valid=0.6985 train=0.7509 test_snapshot=0.6890 | best_valid=0.7034 (trial 53)
Best trial: 53. Best value: 0.703379:  43%|████▎     | 65/150 [29:18:16<44:13:07, 1872.79s/it]Best trial: 53. Best value: 0.703379:  44%|████▍     | 66/150 [29:18:16<51:11:13, 2193.74s/it]                                                                                              [I 2026-03-17 12:34:10,244] Trial 66 finished with value: 0.6962649753347427 and parameters: {'embedding_dim': 768, 'window_size': 6, 'normalization': True, 'group_size': 9, 'alpha': -0.5882626515129181, 'logreg_C': 0.6835839811852152, 'logreg_max_iter': 2000}. Best is trial 53 with value: 0.7033793080304708.
Best trial: 53. Best value: 0.703379:  44%|████▍     | 66/150 [30:05:58<51:11:13, 2193.74s/it][trial 0066] state=COMPLETE valid=0.6963 train=0.7657 test_snapshot=0.6878 | best_valid=0.7034 (trial 53)
Best trial: 53. Best value: 0.703379:  44%|████▍     | 66/150 [30:05:58<51:11:13, 2193.74s/it]Best trial: 53. Best value: 0.703379:  45%|████▍     | 67/150 [30:05:58<55:11:43, 2394.02s/it]                                                                                              [I 2026-03-17 13:24:38,324] Trial 67 finished with value: 0.6998556998556998 and parameters: {'embedding_dim': 512, 'window_size': 6, 'normalization': True, 'group_size': 7, 'alpha': -0.3361625017413586, 'logreg_C': 0.16325923983920337, 'logreg_max_iter': 2000}. Best is trial 53 with value: 0.7033793080304708.
Best trial: 53. Best value: 0.703379:  45%|████▍     | 67/150 [30:56:26<55:11:43, 2394.02s/it][trial 0067] state=COMPLETE valid=0.6999 train=0.7491 test_snapshot=0.6917 | best_valid=0.7034 (trial 53)
Best trial: 53. Best value: 0.703379:  45%|████▍     | 67/150 [30:56:26<55:11:43, 2394.02s/it]Best trial: 53. Best value: 0.703379:  45%|████▌     | 68/150 [30:56:26<58:51:47, 2584.24s/it]                                                                                              [I 2026-03-17 14:20:05,937] Trial 68 finished with value: 0.7034128662035639 and parameters: {'embedding_dim': 512, 'window_size': 6, 'normalization': True, 'group_size': 9, 'alpha': -0.40026591395895667, 'logreg_C': 0.4178697591575972, 'logreg_max_iter': 2000}. Best is trial 68 with value: 0.7034128662035639.
Best trial: 53. Best value: 0.703379:  45%|████▌     | 68/150 [31:51:54<58:51:47, 2584.24s/it][trial 0068] state=COMPLETE valid=0.7034 train=0.7503 test_snapshot=0.6910 | best_valid=0.7034 (trial 68)
Best trial: 68. Best value: 0.703413:  45%|████▌     | 68/150 [31:51:54<58:51:47, 2584.24s/it]Best trial: 68. Best value: 0.703413:  46%|████▌     | 69/150 [31:51:54<63:09:47, 2807.26s/it]                                                                                              [I 2026-03-17 14:26:19,841] Trial 69 finished with value: 0.7006946541830262 and parameters: {'embedding_dim': 512, 'window_size': 6, 'normalization': True, 'group_size': 9, 'alpha': -0.5297111158658916, 'logreg_C': 0.019858028292774218, 'logreg_max_iter': 2000}. Best is trial 68 with value: 0.7034128662035639.
Best trial: 68. Best value: 0.703413:  46%|████▌     | 69/150 [31:58:07<63:09:47, 2807.26s/it][trial 0069] state=COMPLETE valid=0.7007 train=0.7399 test_snapshot=0.6902 | best_valid=0.7034 (trial 68)
Best trial: 68. Best value: 0.703413:  46%|████▌     | 69/150 [31:58:07<63:09:47, 2807.26s/it]Best trial: 68. Best value: 0.703413:  47%|████▋     | 70/150 [31:58:07<46:09:39, 2077.25s/it]                                                                                              [I 2026-03-17 14:53:06,109] Trial 70 finished with value: 0.6891842008121077 and parameters: {'embedding_dim': 512, 'window_size': 6, 'normalization': False, 'group_size': 10, 'alpha': -0.3983453689286252, 'logreg_C': 0.0934989399243175, 'logreg_max_iter': 2000}. Best is trial 68 with value: 0.7034128662035639.
Best trial: 68. Best value: 0.703413:  47%|████▋     | 70/150 [32:24:54<46:09:39, 2077.25s/it][trial 0070] state=COMPLETE valid=0.6892 train=0.7459 test_snapshot=0.6806 | best_valid=0.7034 (trial 68)
Best trial: 68. Best value: 0.703413:  47%|████▋     | 70/150 [32:24:54<46:09:39, 2077.25s/it]Best trial: 68. Best value: 0.703413:  47%|████▋     | 71/150 [32:24:54<42:29:00, 1935.95s/it]                                                                                              [I 2026-03-17 15:32:29,596] Trial 71 finished with value: 0.7029430517802611 and parameters: {'embedding_dim': 512, 'window_size': 6, 'normalization': True, 'group_size': 9, 'alpha': -0.2859172473695493, 'logreg_C': 0.40304104710290906, 'logreg_max_iter': 2000}. Best is trial 68 with value: 0.7034128662035639.
Best trial: 68. Best value: 0.703413:  47%|████▋     | 71/150 [33:04:17<42:29:00, 1935.95s/it][trial 0071] state=COMPLETE valid=0.7029 train=0.7503 test_snapshot=0.6909 | best_valid=0.7034 (trial 68)
Best trial: 68. Best value: 0.703413:  47%|████▋     | 71/150 [33:04:17<42:29:00, 1935.95s/it]Best trial: 68. Best value: 0.703413:  48%|████▊     | 72/150 [33:04:17<44:43:28, 2064.21s/it]                                                                                              [I 2026-03-17 16:14:57,491] Trial 72 finished with value: 0.699352327259304 and parameters: {'embedding_dim': 512, 'window_size': 6, 'normalization': True, 'group_size': 8, 'alpha': -0.22896390658073024, 'logreg_C': 0.38672398190084145, 'logreg_max_iter': 2000}. Best is trial 68 with value: 0.7034128662035639.
Best trial: 68. Best value: 0.703413:  48%|████▊     | 72/150 [33:46:45<44:43:28, 2064.21s/it][trial 0072] state=COMPLETE valid=0.6994 train=0.7497 test_snapshot=0.6909 | best_valid=0.7034 (trial 68)
Best trial: 68. Best value: 0.703413:  48%|████▊     | 72/150 [33:46:45<44:43:28, 2064.21s/it]Best trial: 68. Best value: 0.703413:  49%|████▊     | 73/150 [33:46:45<47:15:17, 2209.32s/it]                                                                                              [I 2026-03-17 16:41:22,239] Trial 73 finished with value: 0.698781838316722 and parameters: {'embedding_dim': 512, 'window_size': 6, 'normalization': True, 'group_size': 8, 'alpha': -0.3646367815594141, 'logreg_C': 1.2396960102339754, 'logreg_max_iter': 2000}. Best is trial 68 with value: 0.7034128662035639.
Best trial: 68. Best value: 0.703413:  49%|████▊     | 73/150 [34:13:10<47:15:17, 2209.32s/it][trial 0073] state=COMPLETE valid=0.6988 train=0.7496 test_snapshot=0.6914 | best_valid=0.7034 (trial 68)
Best trial: 68. Best value: 0.703413:  49%|████▊     | 73/150 [34:13:10<47:15:17, 2209.32s/it]Best trial: 68. Best value: 0.703413:  49%|████▉     | 74/150 [34:13:10<42:41:07, 2021.95s/it]                                                                                              [I 2026-03-17 17:31:05,268] Trial 74 finished with value: 0.6979764421624887 and parameters: {'embedding_dim': 512, 'window_size': 5, 'normalization': True, 'group_size': 10, 'alpha': -0.45216976316232493, 'logreg_C': 0.26983887700835685, 'logreg_max_iter': 2000}. Best is trial 68 with value: 0.7034128662035639.
Best trial: 68. Best value: 0.703413:  49%|████▉     | 74/150 [35:02:53<42:41:07, 2021.95s/it][trial 0074] state=COMPLETE valid=0.6980 train=0.7507 test_snapshot=0.6891 | best_valid=0.7034 (trial 68)
Best trial: 68. Best value: 0.703413:  49%|████▉     | 74/150 [35:02:53<42:41:07, 2021.95s/it]Best trial: 68. Best value: 0.703413:  50%|█████     | 75/150 [35:02:53<48:07:50, 2310.27s/it]                                                                                              [I 2026-03-17 17:43:17,791] Trial 75 finished with value: 0.7025403537031444 and parameters: {'embedding_dim': 512, 'window_size': 6, 'normalization': True, 'group_size': 9, 'alpha': -0.40516259268416555, 'logreg_C': 0.05786887245310428, 'logreg_max_iter': 2000}. Best is trial 68 with value: 0.7034128662035639.
Best trial: 68. Best value: 0.703413:  50%|█████     | 75/150 [35:15:05<48:07:50, 2310.27s/it][trial 0075] state=COMPLETE valid=0.7025 train=0.7456 test_snapshot=0.6908 | best_valid=0.7034 (trial 68)
Best trial: 68. Best value: 0.703413:  50%|█████     | 75/150 [35:15:05<48:07:50, 2310.27s/it]Best trial: 68. Best value: 0.703413:  51%|█████     | 76/150 [35:15:05<37:45:34, 1836.95s/it]                                                                                              [I 2026-03-17 18:09:31,992] Trial 76 finished with value: 0.6985133729319776 and parameters: {'embedding_dim': 512, 'window_size': 6, 'normalization': True, 'group_size': 10, 'alpha': -0.49572391085502054, 'logreg_C': 0.9894474591445319, 'logreg_max_iter': 2000}. Best is trial 68 with value: 0.7034128662035639.
Best trial: 68. Best value: 0.703413:  51%|█████     | 76/150 [35:41:20<37:45:34, 1836.95s/it][trial 0076] state=COMPLETE valid=0.6985 train=0.7505 test_snapshot=0.6895 | best_valid=0.7034 (trial 68)
Best trial: 68. Best value: 0.703413:  51%|█████     | 76/150 [35:41:20<37:45:34, 1836.95s/it]Best trial: 68. Best value: 0.703413:  51%|█████▏    | 77/150 [35:41:20<35:39:02, 1758.12s/it]                                                                                              [I 2026-03-17 18:10:59,289] Trial 77 finished with value: 0.6815664955199839 and parameters: {'embedding_dim': 256, 'window_size': 5, 'normalization': True, 'group_size': 11, 'alpha': -0.2486243200592504, 'logreg_C': 0.0034973882590429114, 'logreg_max_iter': 2000}. Best is trial 68 with value: 0.7034128662035639.
Best trial: 68. Best value: 0.703413:  51%|█████▏    | 77/150 [35:42:47<35:39:02, 1758.12s/it][trial 0077] state=COMPLETE valid=0.6816 train=0.6943 test_snapshot=0.6707 | best_valid=0.7034 (trial 68)
Best trial: 68. Best value: 0.703413:  51%|█████▏    | 77/150 [35:42:47<35:39:02, 1758.12s/it]Best trial: 68. Best value: 0.703413:  52%|█████▏    | 78/150 [35:42:47<25:08:15, 1256.88s/it]                                                                                              [I 2026-03-17 18:57:45,634] Trial 78 finished with value: 0.6973388368737206 and parameters: {'embedding_dim': 768, 'window_size': 6, 'normalization': True, 'group_size': 8, 'alpha': -0.3422362186891497, 'logreg_C': 0.1940848420798146, 'logreg_max_iter': 2000}. Best is trial 68 with value: 0.7034128662035639.
Best trial: 68. Best value: 0.703413:  52%|█████▏    | 78/150 [36:29:33<25:08:15, 1256.88s/it][trial 0078] state=COMPLETE valid=0.6973 train=0.7672 test_snapshot=0.6874 | best_valid=0.7034 (trial 68)
