Best trial: 68. Best value: 0.703413:  52%|█████▏    | 78/150 [36:29:33<25:08:15, 1256.88s/it]Best trial: 68. Best value: 0.703413:  53%|█████▎    | 79/150 [36:29:33<33:57:21, 1721.72s/it]                                                                                              [I 2026-03-17 19:13:20,042] Trial 79 finished with value: 0.7029430517802611 and parameters: {'embedding_dim': 512, 'window_size': 6, 'normalization': True, 'group_size': 12, 'alpha': -0.3801111206296289, 'logreg_C': 0.12491914276215953, 'logreg_max_iter': 2000}. Best is trial 68 with value: 0.7034128662035639.
Best trial: 68. Best value: 0.703413:  53%|█████▎    | 79/150 [36:45:08<33:57:21, 1721.72s/it][trial 0079] state=COMPLETE valid=0.7029 train=0.7480 test_snapshot=0.6919 | best_valid=0.7034 (trial 68)
Best trial: 68. Best value: 0.703413:  53%|█████▎    | 79/150 [36:45:08<33:57:21, 1721.72s/it]Best trial: 68. Best value: 0.703413:  53%|█████▎    | 80/150 [36:45:08<28:53:06, 1485.52s/it]                                                                                              [I 2026-03-17 19:17:13,786] Trial 80 finished with value: 0.6732776267659989 and parameters: {'embedding_dim': 128, 'window_size': 5, 'normalization': True, 'group_size': 9, 'alpha': -0.43778299076423133, 'logreg_C': 0.646975119083174, 'logreg_max_iter': 2000}. Best is trial 68 with value: 0.7034128662035639.
Best trial: 68. Best value: 0.703413:  53%|█████▎    | 80/150 [36:49:01<28:53:06, 1485.52s/it][trial 0080] state=COMPLETE valid=0.6733 train=0.6787 test_snapshot=0.6662 | best_valid=0.7034 (trial 68)
Best trial: 68. Best value: 0.703413:  53%|█████▎    | 80/150 [36:49:01<28:53:06, 1485.52s/it]Best trial: 68. Best value: 0.703413:  54%|█████▍    | 81/150 [36:49:01<21:16:29, 1109.99s/it]                                                                                              [I 2026-03-17 19:53:52,105] Trial 81 finished with value: 0.7031444008188195 and parameters: {'embedding_dim': 512, 'window_size': 6, 'normalization': True, 'group_size': 9, 'alpha': -0.29288247563049824, 'logreg_C': 0.36723050075558655, 'logreg_max_iter': 2000}. Best is trial 68 with value: 0.7034128662035639.
Best trial: 68. Best value: 0.703413:  54%|█████▍    | 81/150 [37:25:40<21:16:29, 1109.99s/it][trial 0081] state=COMPLETE valid=0.7031 train=0.7504 test_snapshot=0.6909 | best_valid=0.7034 (trial 68)
Best trial: 68. Best value: 0.703413:  54%|█████▍    | 81/150 [37:25:40<21:16:29, 1109.99s/it]Best trial: 68. Best value: 0.703413:  55%|█████▍    | 82/150 [37:25:40<27:08:01, 1436.49s/it]                                                                                              [I 2026-03-17 20:32:15,294] Trial 82 finished with value: 0.702875935434075 and parameters: {'embedding_dim': 512, 'window_size': 6, 'normalization': True, 'group_size': 9, 'alpha': -0.3051271259700176, 'logreg_C': 0.3280554473695536, 'logreg_max_iter': 2000}. Best is trial 68 with value: 0.7034128662035639.
Best trial: 68. Best value: 0.703413:  55%|█████▍    | 82/150 [38:04:03<27:08:01, 1436.49s/it][trial 0082] state=COMPLETE valid=0.7029 train=0.7505 test_snapshot=0.6910 | best_valid=0.7034 (trial 68)
Best trial: 68. Best value: 0.703413:  55%|█████▍    | 82/150 [38:04:03<27:08:01, 1436.49s/it]Best trial: 68. Best value: 0.703413:  55%|█████▌    | 83/150 [38:04:03<31:34:25, 1696.50s/it]                                                                                              [I 2026-03-17 20:56:44,687] Trial 83 finished with value: 0.7031108426457263 and parameters: {'embedding_dim': 512, 'window_size': 6, 'normalization': True, 'group_size': 9, 'alpha': -0.2745182129723339, 'logreg_C': 0.5323552545257318, 'logreg_max_iter': 2000}. Best is trial 68 with value: 0.7034128662035639.
Best trial: 68. Best value: 0.703413:  55%|█████▌    | 83/150 [38:28:32<31:34:25, 1696.50s/it][trial 0083] state=COMPLETE valid=0.7031 train=0.7509 test_snapshot=0.6903 | best_valid=0.7034 (trial 68)
Best trial: 68. Best value: 0.703413:  55%|█████▌    | 83/150 [38:28:32<31:34:25, 1696.50s/it]Best trial: 68. Best value: 0.703413:  56%|█████▌    | 84/150 [38:28:32<29:51:12, 1628.37s/it]                                                                                              [I 2026-03-17 21:28:08,519] Trial 84 finished with value: 0.698781838316722 and parameters: {'embedding_dim': 512, 'window_size': 6, 'normalization': True, 'group_size': 10, 'alpha': -0.27332537714964755, 'logreg_C': 0.22948388123739244, 'logreg_max_iter': 2000}. Best is trial 68 with value: 0.7034128662035639.
Best trial: 68. Best value: 0.703413:  56%|█████▌    | 84/150 [38:59:56<29:51:12, 1628.37s/it][trial 0084] state=COMPLETE valid=0.6988 train=0.7504 test_snapshot=0.6890 | best_valid=0.7034 (trial 68)
Best trial: 68. Best value: 0.703413:  56%|█████▌    | 84/150 [38:59:56<29:51:12, 1628.37s/it]Best trial: 68. Best value: 0.703413:  57%|█████▋    | 85/150 [38:59:56<30:47:05, 1705.01s/it]                                                                                              [I 2026-03-17 21:38:52,780] Trial 85 finished with value: 0.7003590724520957 and parameters: {'embedding_dim': 512, 'window_size': 6, 'normalization': True, 'group_size': 7, 'alpha': -0.20517445647073698, 'logreg_C': 0.06202270473241496, 'logreg_max_iter': 2000}. Best is trial 68 with value: 0.7034128662035639.
Best trial: 68. Best value: 0.703413:  57%|█████▋    | 85/150 [39:10:40<30:47:05, 1705.01s/it][trial 0085] state=COMPLETE valid=0.7004 train=0.7439 test_snapshot=0.6909 | best_valid=0.7034 (trial 68)
Best trial: 68. Best value: 0.703413:  57%|█████▋    | 85/150 [39:10:40<30:47:05, 1705.01s/it]Best trial: 68. Best value: 0.703413:  57%|█████▋    | 86/150 [39:10:40<24:39:14, 1386.78s/it]                                                                                              [I 2026-03-17 22:15:12,439] Trial 86 finished with value: 0.6994530017785832 and parameters: {'embedding_dim': 512, 'window_size': 6, 'normalization': True, 'group_size': 8, 'alpha': -0.2478636358742896, 'logreg_C': 0.44816125776918003, 'logreg_max_iter': 500}. Best is trial 68 with value: 0.7034128662035639.
Best trial: 68. Best value: 0.703413:  57%|█████▋    | 86/150 [39:47:00<24:39:14, 1386.78s/it][trial 0086] state=COMPLETE valid=0.6995 train=0.7497 test_snapshot=0.6911 | best_valid=0.7034 (trial 68)
Best trial: 68. Best value: 0.703413:  57%|█████▋    | 86/150 [39:47:00<24:39:14, 1386.78s/it]Best trial: 68. Best value: 0.703413:  58%|█████▊    | 87/150 [39:47:00<28:25:52, 1624.65s/it]                                                                                              [I 2026-03-17 22:40:11,149] Trial 87 finished with value: 0.6931105070639955 and parameters: {'embedding_dim': 512, 'window_size': 6, 'normalization': False, 'group_size': 8, 'alpha': -0.32932178189351946, 'logreg_C': 1.0900913132330379, 'logreg_max_iter': 2000}. Best is trial 68 with value: 0.7034128662035639.
Best trial: 68. Best value: 0.703413:  58%|█████▊    | 87/150 [40:11:59<28:25:52, 1624.65s/it][trial 0087] state=COMPLETE valid=0.6931 train=0.7478 test_snapshot=0.6846 | best_valid=0.7034 (trial 68)
Best trial: 68. Best value: 0.703413:  58%|█████▊    | 87/150 [40:11:59<28:25:52, 1624.65s/it]Best trial: 68. Best value: 0.703413:  59%|█████▊    | 88/150 [40:11:59<27:19:45, 1586.86s/it]                                                                                              [I 2026-03-17 23:09:10,233] Trial 88 finished with value: 0.6995536762978624 and parameters: {'embedding_dim': 512, 'window_size': 5, 'normalization': True, 'group_size': 16, 'alpha': -0.41382783567744313, 'logreg_C': 1.556119410774893, 'logreg_max_iter': 2000}. Best is trial 68 with value: 0.7034128662035639.
Best trial: 68. Best value: 0.703413:  59%|█████▊    | 88/150 [40:40:58<27:19:45, 1586.86s/it][trial 0088] state=COMPLETE valid=0.6996 train=0.7506 test_snapshot=0.6925 | best_valid=0.7034 (trial 68)
Best trial: 68. Best value: 0.703413:  59%|█████▊    | 88/150 [40:40:58<27:19:45, 1586.86s/it]Best trial: 68. Best value: 0.703413:  59%|█████▉    | 89/150 [40:40:58<27:39:44, 1632.53s/it]                                                                                              [I 2026-03-17 23:54:08,574] Trial 89 finished with value: 0.7033457498573777 and parameters: {'embedding_dim': 512, 'window_size': 6, 'normalization': True, 'group_size': 9, 'alpha': -0.3753492066931778, 'logreg_C': 0.1760923901029537, 'logreg_max_iter': 2000}. Best is trial 68 with value: 0.7034128662035639.
Best trial: 68. Best value: 0.703413:  59%|█████▉    | 89/150 [41:25:56<27:39:44, 1632.53s/it][trial 0089] state=COMPLETE valid=0.7033 train=0.7503 test_snapshot=0.6909 | best_valid=0.7034 (trial 68)
Best trial: 68. Best value: 0.703413:  59%|█████▉    | 89/150 [41:25:56<27:39:44, 1632.53s/it]Best trial: 68. Best value: 0.703413:  60%|██████    | 90/150 [41:25:56<32:32:16, 1952.27s/it]                                                                                              [I 2026-03-18 00:01:21,637] Trial 90 finished with value: 0.6964998825463942 and parameters: {'embedding_dim': 512, 'window_size': 6, 'normalization': True, 'group_size': 10, 'alpha': -0.37786827558741026, 'logreg_C': 0.03728638144580957, 'logreg_max_iter': 2000}. Best is trial 68 with value: 0.7034128662035639.
Best trial: 68. Best value: 0.703413:  60%|██████    | 90/150 [41:33:09<32:32:16, 1952.27s/it][trial 0090] state=COMPLETE valid=0.6965 train=0.7438 test_snapshot=0.6881 | best_valid=0.7034 (trial 68)
Best trial: 68. Best value: 0.703413:  60%|██████    | 90/150 [41:33:09<32:32:16, 1952.27s/it]Best trial: 68. Best value: 0.703413:  61%|██████    | 91/150 [41:33:09<24:31:34, 1496.51s/it]                                                                                              [I 2026-03-18 00:19:31,586] Trial 91 finished with value: 0.7037148897614014 and parameters: {'embedding_dim': 512, 'window_size': 6, 'normalization': True, 'group_size': 9, 'alpha': -0.29830554716234303, 'logreg_C': 0.11849599808942242, 'logreg_max_iter': 2000}. Best is trial 91 with value: 0.7037148897614014.
Best trial: 68. Best value: 0.703413:  61%|██████    | 91/150 [41:51:19<24:31:34, 1496.51s/it][trial 0091] state=COMPLETE valid=0.7037 train=0.7480 test_snapshot=0.6910 | best_valid=0.7037 (trial 91)
Best trial: 91. Best value: 0.703715:  61%|██████    | 91/150 [41:51:19<24:31:34, 1496.51s/it]Best trial: 91. Best value: 0.703715:  61%|██████▏   | 92/150 [41:51:19<22:08:43, 1374.55s/it]                                                                                              [I 2026-03-18 00:33:49,064] Trial 92 finished with value: 0.7009966777408638 and parameters: {'embedding_dim': 512, 'window_size': 6, 'normalization': True, 'group_size': 11, 'alpha': -0.31200125347184343, 'logreg_C': 0.08006132988111264, 'logreg_max_iter': 2000}. Best is trial 91 with value: 0.7037148897614014.
Best trial: 91. Best value: 0.703715:  61%|██████▏   | 92/150 [42:05:37<22:08:43, 1374.55s/it][trial 0092] state=COMPLETE valid=0.7010 train=0.7455 test_snapshot=0.6910 | best_valid=0.7037 (trial 91)
Best trial: 91. Best value: 0.703715:  61%|██████▏   | 92/150 [42:05:37<22:08:43, 1374.55s/it]Best trial: 91. Best value: 0.703715:  62%|██████▏   | 93/150 [42:05:37<19:18:27, 1219.42s/it]                                                                                              [I 2026-03-18 00:51:04,260] Trial 93 finished with value: 0.7028423772609819 and parameters: {'embedding_dim': 512, 'window_size': 6, 'normalization': True, 'group_size': 9, 'alpha': -0.4642886456663439, 'logreg_C': 0.11621722657131701, 'logreg_max_iter': 2000}. Best is trial 91 with value: 0.7037148897614014.
Best trial: 91. Best value: 0.703715:  62%|██████▏   | 93/150 [42:22:52<19:18:27, 1219.42s/it][trial 0093] state=COMPLETE valid=0.7028 train=0.7469 test_snapshot=0.6907 | best_valid=0.7037 (trial 91)
Best trial: 91. Best value: 0.703715:  62%|██████▏   | 93/150 [42:22:52<19:18:27, 1219.42s/it]Best trial: 91. Best value: 0.703715:  63%|██████▎   | 94/150 [42:22:52<18:06:32, 1164.15s/it]                                                                                              [I 2026-03-18 01:37:54,440] Trial 94 finished with value: 0.6993858854323971 and parameters: {'embedding_dim': 512, 'window_size': 6, 'normalization': True, 'group_size': 8, 'alpha': -0.29592079912497543, 'logreg_C': 0.17663609851935475, 'logreg_max_iter': 2000}. Best is trial 91 with value: 0.7037148897614014.
Best trial: 91. Best value: 0.703715:  63%|██████▎   | 94/150 [43:09:42<18:06:32, 1164.15s/it][trial 0094] state=COMPLETE valid=0.6994 train=0.7494 test_snapshot=0.6912 | best_valid=0.7037 (trial 91)
Best trial: 91. Best value: 0.703715:  63%|██████▎   | 94/150 [43:09:42<18:06:32, 1164.15s/it]Best trial: 91. Best value: 0.703715:  63%|██████▎   | 95/150 [43:09:42<25:19:47, 1657.96s/it]                                                                                              [I 2026-03-18 02:16:15,029] Trial 95 finished with value: 0.6989160710090943 and parameters: {'embedding_dim': 512, 'window_size': 6, 'normalization': True, 'group_size': 10, 'alpha': -0.36220063840901146, 'logreg_C': 0.3280496567713834, 'logreg_max_iter': 2000}. Best is trial 91 with value: 0.7037148897614014.
Best trial: 91. Best value: 0.703715:  63%|██████▎   | 95/150 [43:48:03<25:19:47, 1657.96s/it][trial 0095] state=COMPLETE valid=0.6989 train=0.7514 test_snapshot=0.6894 | best_valid=0.7037 (trial 91)
Best trial: 91. Best value: 0.703715:  63%|██████▎   | 95/150 [43:48:03<25:19:47, 1657.96s/it]Best trial: 91. Best value: 0.703715:  64%|██████▍   | 96/150 [43:48:03<27:45:40, 1850.75s/it]                                                                                              [I 2026-03-18 02:22:15,920] Trial 96 finished with value: 0.6939830195644149 and parameters: {'embedding_dim': 256, 'window_size': 6, 'normalization': True, 'group_size': 8, 'alpha': -0.1698278967443358, 'logreg_C': 0.2368982105196695, 'logreg_max_iter': 2000}. Best is trial 91 with value: 0.7037148897614014.
Best trial: 91. Best value: 0.703715:  64%|██████▍   | 96/150 [43:54:03<27:45:40, 1850.75s/it][trial 0096] state=COMPLETE valid=0.6940 train=0.7192 test_snapshot=0.6858 | best_valid=0.7037 (trial 91)
Best trial: 91. Best value: 0.703715:  64%|██████▍   | 96/150 [43:54:03<27:45:40, 1850.75s/it]Best trial: 91. Best value: 0.703715:  65%|██████▍   | 97/150 [43:54:03<20:40:01, 1403.79s/it]                                                                                              [I 2026-03-18 02:30:36,830] Trial 97 finished with value: 0.701768515722004 and parameters: {'embedding_dim': 512, 'window_size': 6, 'normalization': True, 'group_size': 9, 'alpha': -0.4872201991226284, 'logreg_C': 0.04158734687352343, 'logreg_max_iter': 500}. Best is trial 91 with value: 0.7037148897614014.
Best trial: 91. Best value: 0.703715:  65%|██████▍   | 97/150 [44:02:24<20:40:01, 1403.79s/it][trial 0097] state=COMPLETE valid=0.7018 train=0.7431 test_snapshot=0.6903 | best_valid=0.7037 (trial 91)
Best trial: 91. Best value: 0.703715:  65%|██████▍   | 97/150 [44:02:24<20:40:01, 1403.79s/it]Best trial: 91. Best value: 0.703715:  65%|██████▌   | 98/150 [44:02:24<16:21:52, 1132.93s/it]                                                                                              [I 2026-03-18 03:19:01,873] Trial 98 finished with value: 0.6980435585086748 and parameters: {'embedding_dim': 768, 'window_size': 5, 'normalization': True, 'group_size': 7, 'alpha': -0.38075549096888506, 'logreg_C': 0.7392695277034135, 'logreg_max_iter': 2000}. Best is trial 91 with value: 0.7037148897614014.
Best trial: 91. Best value: 0.703715:  65%|██████▌   | 98/150 [44:50:49<16:21:52, 1132.93s/it][trial 0098] state=COMPLETE valid=0.6980 train=0.7672 test_snapshot=0.6881 | best_valid=0.7037 (trial 91)
Best trial: 91. Best value: 0.703715:  65%|██████▌   | 98/150 [44:50:49<16:21:52, 1132.93s/it]Best trial: 91. Best value: 0.703715:  66%|██████▌   | 99/150 [44:50:49<23:34:52, 1664.56s/it]                                                                                              [I 2026-03-18 03:20:50,669] Trial 99 finished with value: 0.6742843719587905 and parameters: {'embedding_dim': 128, 'window_size': 6, 'normalization': True, 'group_size': 6, 'alpha': -0.32569976578797477, 'logreg_C': 0.16091848297459596, 'logreg_max_iter': 2000}. Best is trial 91 with value: 0.7037148897614014.
Best trial: 91. Best value: 0.703715:  66%|██████▌   | 99/150 [44:52:38<23:34:52, 1664.56s/it][trial 0099] state=COMPLETE valid=0.6743 train=0.6779 test_snapshot=0.6669 | best_valid=0.7037 (trial 91)
Best trial: 91. Best value: 0.703715:  66%|██████▌   | 99/150 [44:52:38<23:34:52, 1664.56s/it]Best trial: 91. Best value: 0.703715:  67%|██████▋   | 100/150 [44:52:38<16:38:11, 1197.83s/it]                                                                                               [I 2026-03-18 03:49:05,170] Trial 100 finished with value: 0.6826067988858686 and parameters: {'embedding_dim': 512, 'window_size': 6, 'normalization': False, 'group_size': 10, 'alpha': -0.5116288096308055, 'logreg_C': 0.07327638752955828, 'logreg_max_iter': 2000}. Best is trial 91 with value: 0.7037148897614014.
Best trial: 91. Best value: 0.703715:  67%|██████▋   | 100/150 [45:20:53<16:38:11, 1197.83s/it][trial 0100] state=COMPLETE valid=0.6826 train=0.7421 test_snapshot=0.6744 | best_valid=0.7037 (trial 91)
Best trial: 91. Best value: 0.703715:  67%|██████▋   | 100/150 [45:20:53<16:38:11, 1197.83s/it]Best trial: 91. Best value: 0.703715:  67%|██████▋   | 101/150 [45:20:53<18:19:54, 1346.83s/it]                                                                                               [I 2026-03-18 04:05:20,869] Trial 101 finished with value: 0.7032786335111917 and parameters: {'embedding_dim': 512, 'window_size': 6, 'normalization': True, 'group_size': 9, 'alpha': -0.34272166332461074, 'logreg_C': 0.1118873573688132, 'logreg_max_iter': 2000}. Best is trial 91 with value: 0.7037148897614014.
Best trial: 91. Best value: 0.703715:  67%|██████▋   | 101/150 [45:37:08<18:19:54, 1346.83s/it][trial 0101] state=COMPLETE valid=0.7033 train=0.7477 test_snapshot=0.6904 | best_valid=0.7037 (trial 91)
Best trial: 91. Best value: 0.703715:  67%|██████▋   | 101/150 [45:37:08<18:19:54, 1346.83s/it]Best trial: 91. Best value: 0.703715:  68%|██████▊   | 102/150 [45:37:08<16:28:23, 1235.49s/it]                                                                                               [I 2026-03-18 04:22:28,308] Trial 102 finished with value: 0.7032450753380985 and parameters: {'embedding_dim': 512, 'window_size': 6, 'normalization': True, 'group_size': 9, 'alpha': -0.3439199815371765, 'logreg_C': 0.09588371666945136, 'logreg_max_iter': 2000}. Best is trial 91 with value: 0.7037148897614014.
Best trial: 91. Best value: 0.703715:  68%|██████▊   | 102/150 [45:54:16<16:28:23, 1235.49s/it][trial 0102] state=COMPLETE valid=0.7032 train=0.7478 test_snapshot=0.6904 | best_valid=0.7037 (trial 91)
Best trial: 91. Best value: 0.703715:  68%|██████▊   | 102/150 [45:54:16<16:28:23, 1235.49s/it]Best trial: 91. Best value: 0.703715:  69%|██████▊   | 103/150 [45:54:16<15:18:54, 1173.08s/it]                                                                                               [I 2026-03-18 04:39:44,884] Trial 103 finished with value: 0.702909493607168 and parameters: {'embedding_dim': 512, 'window_size': 6, 'normalization': True, 'group_size': 9, 'alpha': -0.4223723672244726, 'logreg_C': 0.10606613090228859, 'logreg_max_iter': 2000}. Best is trial 91 with value: 0.7037148897614014.
Best trial: 91. Best value: 0.703715:  69%|██████▊   | 103/150 [46:11:32<15:18:54, 1173.08s/it][trial 0103] state=COMPLETE valid=0.7029 train=0.7473 test_snapshot=0.6905 | best_valid=0.7037 (trial 91)
Best trial: 91. Best value: 0.703715:  69%|██████▊   | 103/150 [46:11:32<15:18:54, 1173.08s/it]Best trial: 91. Best value: 0.703715:  69%|██████▉   | 104/150 [46:11:32<14:27:57, 1132.13s/it]                                                                                               [I 2026-03-18 04:48:10,878] Trial 104 finished with value: 0.6962649753347427 and parameters: {'embedding_dim': 512, 'window_size': 6, 'normalization': True, 'group_size': 8, 'alpha': -0.3450208426917728, 'logreg_C': 0.021964495429436976, 'logreg_max_iter': 2000}. Best is trial 91 with value: 0.7037148897614014.
Best trial: 91. Best value: 0.703715:  69%|██████▉   | 104/150 [46:19:58<14:27:57, 1132.13s/it][trial 0104] state=COMPLETE valid=0.6963 train=0.7388 test_snapshot=0.6897 | best_valid=0.7037 (trial 91)
Best trial: 91. Best value: 0.703715:  69%|██████▉   | 104/150 [46:19:58<14:27:57, 1132.13s/it]Best trial: 91. Best value: 0.703715:  70%|███████   | 105/150 [46:19:58<11:48:12, 944.29s/it]                                                                                               [I 2026-03-18 05:04:46,532] Trial 105 finished with value: 0.7035470988959361 and parameters: {'embedding_dim': 512, 'window_size': 6, 'normalization': True, 'group_size': 9, 'alpha': -0.40224434315444374, 'logreg_C': 0.1390912012339115, 'logreg_max_iter': 2000}. Best is trial 91 with value: 0.7037148897614014.
Best trial: 91. Best value: 0.703715:  70%|███████   | 105/150 [46:36:34<11:48:12, 944.29s/it][trial 0105] state=COMPLETE valid=0.7035 train=0.7473 test_snapshot=0.6903 | best_valid=0.7037 (trial 91)
