Best trial: 91. Best value: 0.703715:  70%|███████   | 105/150 [46:36:34<11:48:12, 944.29s/it]Best trial: 91. Best value: 0.703715:  71%|███████   | 106/150 [46:36:34<11:43:46, 959.70s/it]                                                                                              [I 2026-03-18 05:12:38,520] Trial 106 finished with value: 0.7014329339910735 and parameters: {'embedding_dim': 512, 'window_size': 6, 'normalization': True, 'group_size': 9, 'alpha': -0.39790494697438394, 'logreg_C': 0.029206012443026057, 'logreg_max_iter': 2000}. Best is trial 91 with value: 0.7037148897614014.
Best trial: 91. Best value: 0.703715:  71%|███████   | 106/150 [46:44:26<11:43:46, 959.70s/it][trial 0106] state=COMPLETE valid=0.7014 train=0.7425 test_snapshot=0.6901 | best_valid=0.7037 (trial 91)
Best trial: 91. Best value: 0.703715:  71%|███████   | 106/150 [46:44:26<11:43:46, 959.70s/it]Best trial: 91. Best value: 0.703715:  71%|███████▏  | 107/150 [46:44:26<9:42:55, 813.38s/it]                                                                                              [I 2026-03-18 06:00:59,713] Trial 107 finished with value: 0.6982449075472331 and parameters: {'embedding_dim': 512, 'window_size': 6, 'normalization': True, 'group_size': 10, 'alpha': -0.4487889048859268, 'logreg_C': 0.15059882181525402, 'logreg_max_iter': 2000}. Best is trial 91 with value: 0.7037148897614014.
Best trial: 91. Best value: 0.703715:  71%|███████▏  | 107/150 [47:32:47<9:42:55, 813.38s/it][trial 0107] state=COMPLETE valid=0.6982 train=0.7507 test_snapshot=0.6889 | best_valid=0.7037 (trial 91)
Best trial: 91. Best value: 0.703715:  71%|███████▏  | 107/150 [47:32:47<9:42:55, 813.38s/it]Best trial: 91. Best value: 0.703715:  72%|███████▏  | 108/150 [47:32:47<16:47:48, 1439.73s/it]                                                                                               [I 2026-03-18 06:12:20,057] Trial 108 finished with value: 0.6927413671599718 and parameters: {'embedding_dim': 512, 'window_size': 6, 'normalization': True, 'group_size': 8, 'alpha': -0.9991141750931082, 'logreg_C': 0.0717522311950094, 'logreg_max_iter': 2000}. Best is trial 91 with value: 0.7037148897614014.
Best trial: 91. Best value: 0.703715:  72%|███████▏  | 108/150 [47:44:08<16:47:48, 1439.73s/it][trial 0108] state=COMPLETE valid=0.6927 train=0.7395 test_snapshot=0.6874 | best_valid=0.7037 (trial 91)
Best trial: 91. Best value: 0.703715:  72%|███████▏  | 108/150 [47:44:08<16:47:48, 1439.73s/it]Best trial: 91. Best value: 0.703715:  73%|███████▎  | 109/150 [47:44:08<13:48:08, 1211.91s/it]                                                                                               [I 2026-03-18 06:20:48,691] Trial 109 finished with value: 0.7009295613946777 and parameters: {'embedding_dim': 512, 'window_size': 6, 'normalization': True, 'group_size': 9, 'alpha': -0.5534927972837859, 'logreg_C': 0.04526655443970982, 'logreg_max_iter': 2000}. Best is trial 91 with value: 0.7037148897614014.
Best trial: 91. Best value: 0.703715:  73%|███████▎  | 109/150 [47:52:36<13:48:08, 1211.91s/it][trial 0109] state=COMPLETE valid=0.7009 train=0.7430 test_snapshot=0.6900 | best_valid=0.7037 (trial 91)
Best trial: 91. Best value: 0.703715:  73%|███████▎  | 109/150 [47:52:36<13:48:08, 1211.91s/it]Best trial: 91. Best value: 0.703715:  73%|███████▎  | 110/150 [47:52:36<11:07:17, 1000.93s/it]                                                                                               [I 2026-03-18 06:50:49,407] Trial 110 finished with value: 0.7018356320681902 and parameters: {'embedding_dim': 512, 'window_size': 5, 'normalization': True, 'group_size': 11, 'alpha': -0.36256540634343065, 'logreg_C': 0.20495838260684426, 'logreg_max_iter': 2000}. Best is trial 91 with value: 0.7037148897614014.
Best trial: 91. Best value: 0.703715:  73%|███████▎  | 110/150 [48:22:37<11:07:17, 1000.93s/it][trial 0110] state=COMPLETE valid=0.7018 train=0.7490 test_snapshot=0.6913 | best_valid=0.7037 (trial 91)
Best trial: 91. Best value: 0.703715:  73%|███████▎  | 110/150 [48:22:37<11:07:17, 1000.93s/it]Best trial: 91. Best value: 0.703715:  74%|███████▍  | 111/150 [48:22:37<13:26:33, 1240.86s/it]                                                                                               [I 2026-03-18 07:07:01,118] Trial 111 finished with value: 0.7038155642806806 and parameters: {'embedding_dim': 512, 'window_size': 6, 'normalization': True, 'group_size': 9, 'alpha': -0.38964847051103335, 'logreg_C': 0.09961587292216915, 'logreg_max_iter': 2000}. Best is trial 111 with value: 0.7038155642806806.
Best trial: 91. Best value: 0.703715:  74%|███████▍  | 111/150 [48:38:49<13:26:33, 1240.86s/it][trial 0111] state=COMPLETE valid=0.7038 train=0.7473 test_snapshot=0.6905 | best_valid=0.7038 (trial 111)
Best trial: 111. Best value: 0.703816:  74%|███████▍  | 111/150 [48:38:49<13:26:33, 1240.86s/it]Best trial: 111. Best value: 0.703816:  75%|███████▍  | 112/150 [48:38:49<12:14:44, 1160.12s/it]                                                                                                [I 2026-03-18 07:16:33,181] Trial 112 finished with value: 0.69700325514279 and parameters: {'embedding_dim': 512, 'window_size': 6, 'normalization': True, 'group_size': 10, 'alpha': -0.3929182432054388, 'logreg_C': 0.050291261559722716, 'logreg_max_iter': 2000}. Best is trial 111 with value: 0.7038155642806806.
Best trial: 111. Best value: 0.703816:  75%|███████▍  | 112/150 [48:48:21<12:14:44, 1160.12s/it][trial 0112] state=COMPLETE valid=0.6970 train=0.7454 test_snapshot=0.6888 | best_valid=0.7038 (trial 111)
Best trial: 111. Best value: 0.703816:  75%|███████▍  | 112/150 [48:48:21<12:14:44, 1160.12s/it]Best trial: 111. Best value: 0.703816:  75%|███████▌  | 113/150 [48:48:21<10:06:36, 983.70s/it]                                                                                                [I 2026-03-18 07:32:39,181] Trial 113 finished with value: 0.6985804892781637 and parameters: {'embedding_dim': 512, 'window_size': 6, 'normalization': True, 'group_size': 15, 'alpha': -0.4337068135235853, 'logreg_C': 0.09432788986683954, 'logreg_max_iter': 2000}. Best is trial 111 with value: 0.7038155642806806.
Best trial: 111. Best value: 0.703816:  75%|███████▌  | 113/150 [49:04:27<10:06:36, 983.70s/it][trial 0113] state=COMPLETE valid=0.6986 train=0.7473 test_snapshot=0.6897 | best_valid=0.7038 (trial 111)
Best trial: 111. Best value: 0.703816:  75%|███████▌  | 113/150 [49:04:27<10:06:36, 983.70s/it]Best trial: 111. Best value: 0.703816:  76%|███████▌  | 114/150 [49:04:27<9:47:02, 978.39s/it]                                                                                               [I 2026-03-18 07:49:34,685] Trial 114 finished with value: 0.70347998254975 and parameters: {'embedding_dim': 512, 'window_size': 6, 'normalization': True, 'group_size': 9, 'alpha': -0.4088877844431884, 'logreg_C': 0.11522752784519329, 'logreg_max_iter': 2000}. Best is trial 111 with value: 0.7038155642806806.
Best trial: 111. Best value: 0.703816:  76%|███████▌  | 114/150 [49:21:22<9:47:02, 978.39s/it][trial 0114] state=COMPLETE valid=0.7035 train=0.7473 test_snapshot=0.6903 | best_valid=0.7038 (trial 111)
Best trial: 111. Best value: 0.703816:  76%|███████▌  | 114/150 [49:21:22<9:47:02, 978.39s/it]Best trial: 111. Best value: 0.703816:  77%|███████▋  | 115/150 [49:21:22<9:37:13, 989.52s/it]                                                                                              [I 2026-03-18 08:07:08,755] Trial 115 finished with value: 0.6973723950468137 and parameters: {'embedding_dim': 512, 'window_size': 6, 'normalization': True, 'group_size': 8, 'alpha': -0.41513077366263823, 'logreg_C': 0.11308300974095598, 'logreg_max_iter': 2000}. Best is trial 111 with value: 0.7038155642806806.
Best trial: 111. Best value: 0.703816:  77%|███████▋  | 115/150 [49:38:56<9:37:13, 989.52s/it][trial 0115] state=COMPLETE valid=0.6974 train=0.7463 test_snapshot=0.6913 | best_valid=0.7038 (trial 111)
Best trial: 111. Best value: 0.703816:  77%|███████▋  | 115/150 [49:38:56<9:37:13, 989.52s/it]Best trial: 111. Best value: 0.703816:  77%|███████▋  | 116/150 [49:38:56<9:31:42, 1008.89s/it]                                                                                               [I 2026-03-18 08:25:27,968] Trial 116 finished with value: 0.7006610960099332 and parameters: {'embedding_dim': 512, 'window_size': 6, 'normalization': True, 'group_size': 3, 'alpha': -0.4669413428279543, 'logreg_C': 0.06843133417588639, 'logreg_max_iter': 500}. Best is trial 111 with value: 0.7038155642806806.
Best trial: 111. Best value: 0.703816:  77%|███████▋  | 116/150 [49:57:16<9:31:42, 1008.89s/it][trial 0116] state=COMPLETE valid=0.7007 train=0.7467 test_snapshot=0.6927 | best_valid=0.7038 (trial 111)
Best trial: 111. Best value: 0.703816:  77%|███████▋  | 116/150 [49:57:16<9:31:42, 1008.89s/it]Best trial: 111. Best value: 0.703816:  78%|███████▊  | 117/150 [49:57:16<9:29:47, 1035.99s/it]                                                                                               [I 2026-03-18 08:33:21,573] Trial 117 finished with value: 0.7016342830296318 and parameters: {'embedding_dim': 512, 'window_size': 6, 'normalization': True, 'group_size': 9, 'alpha': -0.37609349779610285, 'logreg_C': 0.028339313426371325, 'logreg_max_iter': 2000}. Best is trial 111 with value: 0.7038155642806806.
Best trial: 111. Best value: 0.703816:  78%|███████▊  | 117/150 [50:05:09<9:29:47, 1035.99s/it][trial 0117] state=COMPLETE valid=0.7016 train=0.7427 test_snapshot=0.6901 | best_valid=0.7038 (trial 111)
Best trial: 111. Best value: 0.703816:  78%|███████▊  | 117/150 [50:05:09<9:29:47, 1035.99s/it]Best trial: 111. Best value: 0.703816:  79%|███████▊  | 118/150 [50:05:09<7:42:32, 867.27s/it]                                                                                               [I 2026-03-18 08:39:13,777] Trial 118 finished with value: 0.6922379945635759 and parameters: {'embedding_dim': 256, 'window_size': 6, 'normalization': True, 'group_size': 10, 'alpha': -0.44446689875325396, 'logreg_C': 0.12259768890349731, 'logreg_max_iter': 2000}. Best is trial 111 with value: 0.7038155642806806.
Best trial: 111. Best value: 0.703816:  79%|███████▊  | 118/150 [50:11:01<7:42:32, 867.27s/it][trial 0118] state=COMPLETE valid=0.6922 train=0.7165 test_snapshot=0.6856 | best_valid=0.7038 (trial 111)
Best trial: 111. Best value: 0.703816:  79%|███████▊  | 118/150 [50:11:01<7:42:32, 867.27s/it]Best trial: 111. Best value: 0.703816:  79%|███████▉  | 119/150 [50:11:01<6:08:15, 712.75s/it]                                                                                              [I 2026-03-18 08:55:15,151] Trial 119 finished with value: 0.7037484479344944 and parameters: {'embedding_dim': 512, 'window_size': 6, 'normalization': True, 'group_size': 9, 'alpha': -0.3131932394660185, 'logreg_C': 0.08254968828086973, 'logreg_max_iter': 2000}. Best is trial 111 with value: 0.7038155642806806.
Best trial: 111. Best value: 0.703816:  79%|███████▉  | 119/150 [50:27:03<6:08:15, 712.75s/it][trial 0119] state=COMPLETE valid=0.7037 train=0.7472 test_snapshot=0.6902 | best_valid=0.7038 (trial 111)
Best trial: 111. Best value: 0.703816:  79%|███████▉  | 119/150 [50:27:03<6:08:15, 712.75s/it]Best trial: 111. Best value: 0.703816:  80%|████████  | 120/150 [50:27:03<6:33:40, 787.34s/it]                                                                                              [I 2026-03-18 09:37:36,716] Trial 120 finished with value: 0.6971710460082553 and parameters: {'embedding_dim': 768, 'window_size': 6, 'normalization': False, 'group_size': 4, 'alpha': -0.31271263154127027, 'logreg_C': 0.1461153307799447, 'logreg_max_iter': 2000}. Best is trial 111 with value: 0.7038155642806806.
Best trial: 111. Best value: 0.703816:  80%|████████  | 120/150 [51:09:24<6:33:40, 787.34s/it][trial 0120] state=COMPLETE valid=0.6972 train=0.7676 test_snapshot=0.6871 | best_valid=0.7038 (trial 111)
Best trial: 111. Best value: 0.703816:  80%|████████  | 120/150 [51:09:24<6:33:40, 787.34s/it]Best trial: 111. Best value: 0.703816:  81%|████████  | 121/150 [51:09:24<10:34:54, 1313.61s/it]                                                                                                [I 2026-03-18 09:54:02,356] Trial 121 finished with value: 0.6982113493741401 and parameters: {'embedding_dim': 512, 'window_size': 6, 'normalization': True, 'group_size': 9, 'alpha': -0.8633383010800278, 'logreg_C': 0.08633748211702891, 'logreg_max_iter': 2000}. Best is trial 111 with value: 0.7038155642806806.
Best trial: 111. Best value: 0.703816:  81%|████████  | 121/150 [51:25:50<10:34:54, 1313.61s/it][trial 0121] state=COMPLETE valid=0.6982 train=0.7428 test_snapshot=0.6892 | best_valid=0.7038 (trial 111)
Best trial: 111. Best value: 0.703816:  81%|████████  | 121/150 [51:25:50<10:34:54, 1313.61s/it]Best trial: 111. Best value: 0.703816:  81%|████████▏ | 122/150 [51:25:50<9:27:06, 1215.22s/it]                                                                                                [I 2026-03-18 10:31:43,118] Trial 122 finished with value: 0.7031444008188195 and parameters: {'embedding_dim': 512, 'window_size': 6, 'normalization': True, 'group_size': 9, 'alpha': -0.33393130616251676, 'logreg_C': 0.19645182842980913, 'logreg_max_iter': 2000}. Best is trial 111 with value: 0.7038155642806806.
Best trial: 111. Best value: 0.703816:  81%|████████▏ | 122/150 [52:03:31<9:27:06, 1215.22s/it][trial 0122] state=COMPLETE valid=0.7031 train=0.7503 test_snapshot=0.6911 | best_valid=0.7038 (trial 111)
Best trial: 111. Best value: 0.703816:  81%|████████▏ | 122/150 [52:03:31<9:27:06, 1215.22s/it]Best trial: 111. Best value: 0.703816:  82%|████████▏ | 123/150 [52:03:31<11:27:59, 1528.88s/it]                                                                                                [I 2026-03-18 11:07:45,547] Trial 123 finished with value: 0.7031779589919125 and parameters: {'embedding_dim': 512, 'window_size': 6, 'normalization': True, 'group_size': 9, 'alpha': -0.3970705213011457, 'logreg_C': 0.2496599191973881, 'logreg_max_iter': 2000}. Best is trial 111 with value: 0.7038155642806806.
Best trial: 111. Best value: 0.703816:  82%|████████▏ | 123/150 [52:39:33<11:27:59, 1528.88s/it][trial 0123] state=COMPLETE valid=0.7032 train=0.7503 test_snapshot=0.6908 | best_valid=0.7038 (trial 111)
Best trial: 111. Best value: 0.703816:  82%|████████▏ | 123/150 [52:39:33<11:27:59, 1528.88s/it]Best trial: 111. Best value: 0.703816:  83%|████████▎ | 124/150 [52:39:33<12:24:52, 1718.95s/it]                                                                                                [I 2026-03-18 11:17:17,421] Trial 124 finished with value: 0.6958958354307192 and parameters: {'embedding_dim': 512, 'window_size': 6, 'normalization': True, 'group_size': 10, 'alpha': -0.6444437503420586, 'logreg_C': 0.05489423197273089, 'logreg_max_iter': 2000}. Best is trial 111 with value: 0.7038155642806806.
Best trial: 111. Best value: 0.703816:  83%|████████▎ | 124/150 [52:49:05<12:24:52, 1718.95s/it][trial 0124] state=COMPLETE valid=0.6959 train=0.7447 test_snapshot=0.6887 | best_valid=0.7038 (trial 111)
Best trial: 111. Best value: 0.703816:  83%|████████▎ | 124/150 [52:49:05<12:24:52, 1718.95s/it]Best trial: 111. Best value: 0.703816:  83%|████████▎ | 125/150 [52:49:05<9:32:50, 1374.82s/it]                                                                                                [I 2026-03-18 11:35:40,595] Trial 125 finished with value: 0.6978422094701164 and parameters: {'embedding_dim': 512, 'window_size': 6, 'normalization': True, 'group_size': 8, 'alpha': -0.252530148342191, 'logreg_C': 0.0932570360461392, 'logreg_max_iter': 2000}. Best is trial 111 with value: 0.7038155642806806.
Best trial: 111. Best value: 0.703816:  83%|████████▎ | 125/150 [53:07:28<9:32:50, 1374.82s/it][trial 0125] state=COMPLETE valid=0.6978 train=0.7471 test_snapshot=0.6913 | best_valid=0.7038 (trial 111)
Best trial: 111. Best value: 0.703816:  83%|████████▎ | 125/150 [53:07:28<9:32:50, 1374.82s/it]Best trial: 111. Best value: 0.703816:  84%|████████▍ | 126/150 [53:07:28<8:37:19, 1293.33s/it]                                                                                               [I 2026-03-18 11:41:52,645] Trial 126 finished with value: 0.7001241652404443 and parameters: {'embedding_dim': 512, 'window_size': 6, 'normalization': True, 'group_size': 9, 'alpha': -0.3582982903626473, 'logreg_C': 0.01603646920173669, 'logreg_max_iter': 2000}. Best is trial 111 with value: 0.7038155642806806.
Best trial: 111. Best value: 0.703816:  84%|████████▍ | 126/150 [53:13:40<8:37:19, 1293.33s/it][trial 0126] state=COMPLETE valid=0.7001 train=0.7393 test_snapshot=0.6901 | best_valid=0.7038 (trial 111)
Best trial: 111. Best value: 0.703816:  84%|████████▍ | 126/150 [53:13:40<8:37:19, 1293.33s/it]Best trial: 111. Best value: 0.703816:  85%|████████▍ | 127/150 [53:13:40<6:29:49, 1016.95s/it]                                                                                               [I 2026-03-18 11:42:50,061] Trial 127 finished with value: 0.6702573911876237 and parameters: {'embedding_dim': 128, 'window_size': 6, 'normalization': True, 'group_size': 9, 'alpha': -0.4105592393810764, 'logreg_C': 0.030155932653701614, 'logreg_max_iter': 2000}. Best is trial 111 with value: 0.7038155642806806.
Best trial: 111. Best value: 0.703816:  85%|████████▍ | 127/150 [53:14:38<6:29:49, 1016.95s/it][trial 0127] state=COMPLETE valid=0.6703 train=0.6722 test_snapshot=0.6611 | best_valid=0.7038 (trial 111)
Best trial: 111. Best value: 0.703816:  85%|████████▍ | 127/150 [53:14:38<6:29:49, 1016.95s/it]Best trial: 111. Best value: 0.703816:  85%|████████▌ | 128/150 [53:14:38<4:27:19, 729.09s/it]                                                                                               [I 2026-03-18 12:25:26,780] Trial 128 finished with value: 0.698815396489815 and parameters: {'embedding_dim': 512, 'window_size': 6, 'normalization': True, 'group_size': 10, 'alpha': -0.3407322153153706, 'logreg_C': 0.17175618485264824, 'logreg_max_iter': 2000}. Best is trial 111 with value: 0.7038155642806806.
Best trial: 111. Best value: 0.703816:  85%|████████▌ | 128/150 [53:57:14<4:27:19, 729.09s/it][trial 0128] state=COMPLETE valid=0.6988 train=0.7511 test_snapshot=0.6896 | best_valid=0.7038 (trial 111)
Best trial: 111. Best value: 0.703816:  85%|████████▌ | 128/150 [53:57:14<4:27:19, 729.09s/it]Best trial: 111. Best value: 0.703816:  86%|████████▌ | 129/150 [53:57:14<7:27:04, 1277.38s/it]                                                                                               [I 2026-03-18 12:31:46,601] Trial 129 finished with value: 0.6941843686029733 and parameters: {'embedding_dim': 512, 'window_size': 6, 'normalization': True, 'group_size': 8, 'alpha': -0.28537243535694035, 'logreg_C': 0.005970109249246381, 'logreg_max_iter': 2000}. Best is trial 111 with value: 0.7038155642806806.
Best trial: 111. Best value: 0.703816:  86%|████████▌ | 129/150 [54:03:34<7:27:04, 1277.38s/it][trial 0129] state=COMPLETE valid=0.6942 train=0.7320 test_snapshot=0.6865 | best_valid=0.7038 (trial 111)
Best trial: 111. Best value: 0.703816:  86%|████████▌ | 129/150 [54:03:34<7:27:04, 1277.38s/it]Best trial: 111. Best value: 0.703816:  87%|████████▋ | 130/150 [54:03:34<5:36:02, 1008.11s/it]                                                                                               [I 2026-03-18 12:47:49,249] Trial 130 finished with value: 0.6995536762978624 and parameters: {'embedding_dim': 512, 'window_size': 6, 'normalization': True, 'group_size': 9, 'alpha': -0.7801812544723642, 'logreg_C': 0.13259399285021417, 'logreg_max_iter': 2000}. Best is trial 111 with value: 0.7038155642806806.
Best trial: 111. Best value: 0.703816:  87%|████████▋ | 130/150 [54:19:37<5:36:02, 1008.11s/it][trial 0130] state=COMPLETE valid=0.6996 train=0.7447 test_snapshot=0.6899 | best_valid=0.7038 (trial 111)
Best trial: 111. Best value: 0.703816:  87%|████████▋ | 130/150 [54:19:37<5:36:02, 1008.11s/it]Best trial: 111. Best value: 0.703816:  87%|████████▋ | 131/150 [54:19:37<5:14:54, 994.47s/it]                                                                                               [I 2026-03-18 13:11:45,172] Trial 131 finished with value: 0.7001241652404443 and parameters: {'embedding_dim': 512, 'window_size': 6, 'normalization': True, 'group_size': 13, 'alpha': -0.36802412998020045, 'logreg_C': 74.42695587174249, 'logreg_max_iter': 2000}. Best is trial 111 with value: 0.7038155642806806.
Best trial: 111. Best value: 0.703816:  87%|████████▋ | 131/150 [54:43:33<5:14:54, 994.47s/it][trial 0131] state=COMPLETE valid=0.7001 train=0.7493 test_snapshot=0.6920 | best_valid=0.7038 (trial 111)
Best trial: 111. Best value: 0.703816:  87%|████████▋ | 131/150 [54:43:33<5:14:54, 994.47s/it]Best trial: 111. Best value: 0.703816:  88%|████████▊ | 132/150 [54:43:33<5:38:04, 1126.91s/it]                                                                                               [I 2026-03-18 13:44:48,832] Trial 132 finished with value: 0.7033793080304708 and parameters: {'embedding_dim': 512, 'window_size': 6, 'normalization': True, 'group_size': 9, 'alpha': -0.3475848773637495, 'logreg_C': 0.2510070724686341, 'logreg_max_iter': 2000}. Best is trial 111 with value: 0.7038155642806806.
Best trial: 111. Best value: 0.703816:  88%|████████▊ | 132/150 [55:16:36<5:38:04, 1126.91s/it][trial 0132] state=COMPLETE valid=0.7034 train=0.7502 test_snapshot=0.6909 | best_valid=0.7038 (trial 111)
