/home/e20133/miniconda3/envs/fyp_env/lib/python3.10/site-packages/outdated/__init__.py:36: UserWarning: pkg_resources is deprecated as an API. See https://setuptools.pypa.io/en/latest/pkg_resources.html. The pkg_resources package is slated for removal as early as 2025-11-30. Refrain from using this package or pin to Setuptools<81.
  from pkg_resources import parse_version
Running on: cuda
/home/e20133/miniconda3/envs/fyp_env/lib/python3.10/site-packages/ogb/nodeproppred/dataset.py:70: FutureWarning: You are using `torch.load` with `weights_only=False` (the current default value), which uses the default pickle module implicitly. It is possible to construct malicious pickle data which will execute arbitrary code during unpickling (See https://github.com/pytorch/pytorch/blob/main/SECURITY.md#untrusted-models for more details). In a future release, the default value for `weights_only` will be flipped to `True`. This limits the functions that could be executed during unpickling. Arbitrary objects will no longer be allowed to be loaded via this mode unless they are explicitly allowlisted by the user via `torch.serialization.add_safe_globals`. We recommend you start setting `weights_only=True` for any use case where you don't have full control of the loaded file. Please open an issue on GitHub for any issues related to this experimental feature.
  loaded_dict = torch.load(pre_processed_file_path)
Loaded ogbn-arxiv
  Nodes: 169343
  Directed edges: 1166243
  Symmetrized edges: 2315598
  Features: (169343, 128)
  Split sizes: train=90941, valid=29799, test=48603
[I 2026-03-16 06:28:11,925] A new study created in RDB with name: fastrp_ogbn_arxiv_hybrid_tuning
Study: fastrp_ogbn_arxiv_hybrid_tuning
Storage: sqlite:////scratch1/e20-fyp-hyb-rand-proj/fyp/code/experiments/optuna_ogbn_arxiv.db
Completed trials: 0
Remaining to target: 150
  0%|          | 0/150 [00:00<?, ?it/s]                                       [I 2026-03-16 06:38:34,207] Trial 0 finished with value: 0.6730091613812544 and parameters: {'embedding_dim': 256, 'window_size': 2, 'normalization': True, 'group_size': 14, 'alpha': -0.3988849882567912, 'logreg_C': 3.4702669886504163, 'logreg_max_iter': 1000}. Best is trial 0 with value: 0.6730091613812544.
  0%|          | 0/150 [10:22<?, ?it/s][trial 0000] state=COMPLETE valid=0.6730 train=0.6968 test_snapshot=0.6635 | best_valid=0.6730 (trial 0)
Best trial: 0. Best value: 0.673009:   0%|          | 0/150 [10:22<?, ?it/s]Best trial: 0. Best value: 0.673009:   1%|          | 1/150 [10:22<25:45:22, 622.30s/it]                                                                                        [I 2026-03-16 06:54:24,698] Trial 1 finished with value: 0.6964998825463942 and parameters: {'embedding_dim': 768, 'window_size': 4, 'normalization': True, 'group_size': 11, 'alpha': -0.8605061393479582, 'logreg_C': 0.028888383623653185, 'logreg_max_iter': 2000}. Best is trial 1 with value: 0.6964998825463942.
Best trial: 0. Best value: 0.673009:   1%|          | 1/150 [26:12<25:45:22, 622.30s/it][trial 0001] state=COMPLETE valid=0.6965 train=0.7537 test_snapshot=0.6879 | best_valid=0.6965 (trial 1)
Best trial: 1. Best value: 0.6965:   1%|          | 1/150 [26:12<25:45:22, 622.30s/it]  Best trial: 1. Best value: 0.6965:   1%|▏         | 2/150 [26:12<33:31:12, 815.35s/it]                                                                                      [I 2026-03-16 07:20:59,315] Trial 2 finished with value: 0.7032786335111917 and parameters: {'embedding_dim': 512, 'window_size': 5, 'normalization': True, 'group_size': 16, 'alpha': -0.03436796692544064, 'logreg_C': 11.015056790269638, 'logreg_max_iter': 2000}. Best is trial 2 with value: 0.7032786335111917.
Best trial: 1. Best value: 0.6965:   1%|▏         | 2/150 [52:47<33:31:12, 815.35s/it][trial 0002] state=COMPLETE valid=0.7033 train=0.7507 test_snapshot=0.6916 | best_valid=0.7033 (trial 2)
Best trial: 2. Best value: 0.703279:   1%|▏         | 2/150 [52:47<33:31:12, 815.35s/it]Best trial: 2. Best value: 0.703279:   2%|▏         | 3/150 [52:47<47:49:23, 1171.18s/it]                                                                                         [I 2026-03-16 07:50:36,884] Trial 3 finished with value: 0.6878754320614786 and parameters: {'embedding_dim': 512, 'window_size': 6, 'normalization': False, 'group_size': 6, 'alpha': -0.4799319788221892, 'logreg_C': 0.5414413211338525, 'logreg_max_iter': 1000}. Best is trial 2 with value: 0.7032786335111917.
Best trial: 2. Best value: 0.703279:   2%|▏         | 3/150 [1:22:24<47:49:23, 1171.18s/it][trial 0003] state=COMPLETE valid=0.6879 train=0.7457 test_snapshot=0.6807 | best_valid=0.7033 (trial 2)
Best trial: 2. Best value: 0.703279:   2%|▏         | 3/150 [1:22:24<47:49:23, 1171.18s/it]Best trial: 2. Best value: 0.703279:   3%|▎         | 4/150 [1:22:24<57:12:23, 1410.57s/it]                                                                                           [I 2026-03-16 07:51:24,714] Trial 4 finished with value: 0.620826202221551 and parameters: {'embedding_dim': 128, 'window_size': 2, 'normalization': True, 'group_size': 6, 'alpha': -0.611322710310518, 'logreg_C': 0.022737628102536857, 'logreg_max_iter': 500}. Best is trial 2 with value: 0.7032786335111917.
Best trial: 2. Best value: 0.703279:   3%|▎         | 4/150 [1:23:12<57:12:23, 1410.57s/it][trial 0004] state=COMPLETE valid=0.6208 train=0.6236 test_snapshot=0.6188 | best_valid=0.7033 (trial 2)
Best trial: 2. Best value: 0.703279:   3%|▎         | 4/150 [1:23:12<57:12:23, 1410.57s/it]Best trial: 2. Best value: 0.703279:   3%|▎         | 5/150 [1:23:12<37:01:17, 919.16s/it]                                                                                           [I 2026-03-16 08:25:09,884] Trial 5 finished with value: 0.7021712137991207 and parameters: {'embedding_dim': 512, 'window_size': 6, 'normalization': True, 'group_size': 2, 'alpha': -0.18453857154516584, 'logreg_C': 3.4220529032706923, 'logreg_max_iter': 1000}. Best is trial 2 with value: 0.7032786335111917.
Best trial: 2. Best value: 0.703279:   3%|▎         | 5/150 [1:56:57<37:01:17, 919.16s/it][trial 0005] state=COMPLETE valid=0.7022 train=0.7516 test_snapshot=0.6909 | best_valid=0.7033 (trial 2)
Best trial: 2. Best value: 0.703279:   3%|▎         | 5/150 [1:56:57<37:01:17, 919.16s/it]Best trial: 2. Best value: 0.703279:   4%|▍         | 6/150 [1:56:57<51:48:29, 1295.20s/it]                                                                                           [I 2026-03-16 08:52:11,059] Trial 6 finished with value: 0.6814322628276117 and parameters: {'embedding_dim': 512, 'window_size': 3, 'normalization': False, 'group_size': 6, 'alpha': -0.27039382166193593, 'logreg_C': 1.5409457762881555, 'logreg_max_iter': 500}. Best is trial 2 with value: 0.7032786335111917.
Best trial: 2. Best value: 0.703279:   4%|▍         | 6/150 [2:23:59<51:48:29, 1295.20s/it][trial 0006] state=COMPLETE valid=0.6814 train=0.7336 test_snapshot=0.6749 | best_valid=0.7033 (trial 2)
Best trial: 2. Best value: 0.703279:   4%|▍         | 6/150 [2:23:59<51:48:29, 1295.20s/it]Best trial: 2. Best value: 0.703279:   5%|▍         | 7/150 [2:23:59<55:40:53, 1401.77s/it]                                                                                           [I 2026-03-16 08:59:15,858] Trial 7 finished with value: 0.6909292258129467 and parameters: {'embedding_dim': 768, 'window_size': 4, 'normalization': True, 'group_size': 2, 'alpha': -0.8921085730066955, 'logreg_C': 0.0014359718569878096, 'logreg_max_iter': 500}. Best is trial 2 with value: 0.7032786335111917.
Best trial: 2. Best value: 0.703279:   5%|▍         | 7/150 [2:31:03<55:40:53, 1401.77s/it][trial 0007] state=COMPLETE valid=0.6909 train=0.7308 test_snapshot=0.6822 | best_valid=0.7033 (trial 2)
Best trial: 2. Best value: 0.703279:   5%|▍         | 7/150 [2:31:03<55:40:53, 1401.77s/it]Best trial: 2. Best value: 0.703279:   5%|▌         | 8/150 [2:31:03<43:01:26, 1090.75s/it]                                                                                           [I 2026-03-16 09:02:54,562] Trial 8 finished with value: 0.6350213094399141 and parameters: {'embedding_dim': 128, 'window_size': 3, 'normalization': False, 'group_size': 4, 'alpha': -0.07030234765742693, 'logreg_C': 10.979988817809668, 'logreg_max_iter': 1000}. Best is trial 2 with value: 0.7032786335111917.
Best trial: 2. Best value: 0.703279:   5%|▌         | 8/150 [2:34:42<43:01:26, 1090.75s/it][trial 0008] state=COMPLETE valid=0.6350 train=0.6423 test_snapshot=0.6261 | best_valid=0.7033 (trial 2)
Best trial: 2. Best value: 0.703279:   5%|▌         | 8/150 [2:34:42<43:01:26, 1090.75s/it]Best trial: 2. Best value: 0.703279:   6%|▌         | 9/150 [2:34:42<32:02:36, 818.13s/it]                                                                                           [I 2026-03-16 09:14:30,458] Trial 9 finished with value: 0.6939494613913219 and parameters: {'embedding_dim': 256, 'window_size': 6, 'normalization': True, 'group_size': 5, 'alpha': -0.5728922113737437, 'logreg_C': 12.304779330083704, 'logreg_max_iter': 500}. Best is trial 2 with value: 0.7032786335111917.
Best trial: 2. Best value: 0.703279:   6%|▌         | 9/150 [2:46:18<32:02:36, 818.13s/it][trial 0009] state=COMPLETE valid=0.6939 train=0.7186 test_snapshot=0.6866 | best_valid=0.7033 (trial 2)
Best trial: 2. Best value: 0.703279:   6%|▌         | 9/150 [2:46:18<32:02:36, 818.13s/it]Best trial: 2. Best value: 0.703279:   7%|▋         | 10/150 [2:46:18<30:20:55, 780.40s/it]                                                                                           [I 2026-03-16 09:40:40,648] Trial 10 finished with value: 0.7012651431256083 and parameters: {'embedding_dim': 512, 'window_size': 5, 'normalization': False, 'group_size': 16, 'alpha': -0.016103764579673944, 'logreg_C': 34.540130684562214, 'logreg_max_iter': 2000}. Best is trial 2 with value: 0.7032786335111917.
Best trial: 2. Best value: 0.703279:   7%|▋         | 10/150 [3:12:28<30:20:55, 780.40s/it][trial 0010] state=COMPLETE valid=0.7013 train=0.7512 test_snapshot=0.6919 | best_valid=0.7033 (trial 2)
Best trial: 2. Best value: 0.703279:   7%|▋         | 10/150 [3:12:28<30:20:55, 780.40s/it]Best trial: 2. Best value: 0.703279:   7%|▋         | 11/150 [3:12:28<39:27:53, 1022.11s/it]                                                                                            [I 2026-03-16 10:08:13,629] Trial 11 finished with value: 0.6995201181247693 and parameters: {'embedding_dim': 512, 'window_size': 5, 'normalization': True, 'group_size': 10, 'alpha': -0.22428162871126578, 'logreg_C': 42.869952650579215, 'logreg_max_iter': 2000}. Best is trial 2 with value: 0.7032786335111917.
Best trial: 2. Best value: 0.703279:   7%|▋         | 11/150 [3:40:01<39:27:53, 1022.11s/it][trial 0011] state=COMPLETE valid=0.6995 train=0.7504 test_snapshot=0.6893 | best_valid=0.7033 (trial 2)
Best trial: 2. Best value: 0.703279:   7%|▋         | 11/150 [3:40:01<39:27:53, 1022.11s/it]Best trial: 2. Best value: 0.703279:   8%|▊         | 12/150 [3:40:01<46:32:16, 1214.03s/it]                                                                                            [I 2026-03-16 10:46:53,194] Trial 12 finished with value: 0.7003926306251888 and parameters: {'embedding_dim': 512, 'window_size': 5, 'normalization': True, 'group_size': 13, 'alpha': -0.17753594939903677, 'logreg_C': 0.1868167170635007, 'logreg_max_iter': 2000}. Best is trial 2 with value: 0.7032786335111917.
Best trial: 2. Best value: 0.703279:   8%|▊         | 12/150 [4:18:41<46:32:16, 1214.03s/it][trial 0012] state=COMPLETE valid=0.7004 train=0.7497 test_snapshot=0.6925 | best_valid=0.7033 (trial 2)
Best trial: 2. Best value: 0.703279:   8%|▊         | 12/150 [4:18:41<46:32:16, 1214.03s/it]Best trial: 2. Best value: 0.703279:   9%|▊         | 13/150 [4:18:41<58:56:44, 1548.94s/it]                                                                                            [I 2026-03-16 11:16:18,654] Trial 13 finished with value: 0.698781838316722 and parameters: {'embedding_dim': 512, 'window_size': 6, 'normalization': True, 'group_size': 8, 'alpha': -0.010658030365966437, 'logreg_C': 90.56719293613254, 'logreg_max_iter': 1000}. Best is trial 2 with value: 0.7032786335111917.
Best trial: 2. Best value: 0.703279:   9%|▊         | 13/150 [4:48:06<58:56:44, 1548.94s/it][trial 0013] state=COMPLETE valid=0.6988 train=0.7499 test_snapshot=0.6891 | best_valid=0.7033 (trial 2)
Best trial: 2. Best value: 0.703279:   9%|▊         | 13/150 [4:48:06<58:56:44, 1548.94s/it]Best trial: 2. Best value: 0.703279:   9%|▉         | 14/150 [4:48:06<60:59:09, 1614.34s/it]                                                                                            [I 2026-03-16 11:45:29,945] Trial 14 finished with value: 0.7015671666834458 and parameters: {'embedding_dim': 512, 'window_size': 5, 'normalization': True, 'group_size': 2, 'alpha': -0.3248252297827442, 'logreg_C': 2.8028970722503095, 'logreg_max_iter': 2000}. Best is trial 2 with value: 0.7032786335111917.
Best trial: 2. Best value: 0.703279:   9%|▉         | 14/150 [5:17:18<60:59:09, 1614.34s/it][trial 0014] state=COMPLETE valid=0.7016 train=0.7505 test_snapshot=0.6911 | best_valid=0.7033 (trial 2)
Best trial: 2. Best value: 0.703279:   9%|▉         | 14/150 [5:17:18<60:59:09, 1614.34s/it]Best trial: 2. Best value: 0.703279:  10%|█         | 15/150 [5:17:18<62:05:08, 1655.62s/it]                                                                                            [I 2026-03-16 12:26:27,985] Trial 15 finished with value: 0.6998221416826068 and parameters: {'embedding_dim': 512, 'window_size': 6, 'normalization': True, 'group_size': 8, 'alpha': -0.14505954988105405, 'logreg_C': 0.24329447375330326, 'logreg_max_iter': 1000}. Best is trial 2 with value: 0.7032786335111917.
Best trial: 2. Best value: 0.703279:  10%|█         | 15/150 [5:58:16<62:05:08, 1655.62s/it][trial 0015] state=COMPLETE valid=0.6998 train=0.7497 test_snapshot=0.6908 | best_valid=0.7033 (trial 2)
Best trial: 2. Best value: 0.703279:  10%|█         | 15/150 [5:58:16<62:05:08, 1655.62s/it]Best trial: 2. Best value: 0.703279:  11%|█         | 16/150 [5:58:16<70:36:57, 1897.15s/it]                                                                                            [I 2026-03-16 12:30:29,960] Trial 16 finished with value: 0.6750562099399309 and parameters: {'embedding_dim': 128, 'window_size': 5, 'normalization': True, 'group_size': 16, 'alpha': -0.12782031162557544, 'logreg_C': 9.402142314661914, 'logreg_max_iter': 1000}. Best is trial 2 with value: 0.7032786335111917.
Best trial: 2. Best value: 0.703279:  11%|█         | 16/150 [6:02:18<70:36:57, 1897.15s/it][trial 0016] state=COMPLETE valid=0.6751 train=0.6811 test_snapshot=0.6662 | best_valid=0.7033 (trial 2)
Best trial: 2. Best value: 0.703279:  11%|█         | 16/150 [6:02:18<70:36:57, 1897.15s/it]Best trial: 2. Best value: 0.703279:  11%|█▏        | 17/150 [6:02:18<51:42:05, 1399.44s/it]                                                                                            [I 2026-03-16 13:18:49,922] Trial 17 finished with value: 0.6985133729319776 and parameters: {'embedding_dim': 768, 'window_size': 6, 'normalization': True, 'group_size': 12, 'alpha': -0.35763794386050474, 'logreg_C': 0.8786748199074608, 'logreg_max_iter': 2000}. Best is trial 2 with value: 0.7032786335111917.
Best trial: 2. Best value: 0.703279:  11%|█▏        | 17/150 [6:50:37<51:42:05, 1399.44s/it][trial 0017] state=COMPLETE valid=0.6985 train=0.7678 test_snapshot=0.6873 | best_valid=0.7033 (trial 2)
Best trial: 2. Best value: 0.703279:  11%|█▏        | 17/150 [6:50:37<51:42:05, 1399.44s/it]Best trial: 2. Best value: 0.703279:  12%|█▏        | 18/150 [6:50:37<67:50:43, 1850.33s/it]/home/e20133/miniconda3/envs/fyp_env/lib/python3.10/site-packages/sklearn/linear_model/_sag.py:348: ConvergenceWarning: The max_iter was reached which means the coef_ did not converge
  warnings.warn(
                                                                                            [I 2026-03-16 15:11:05,000] Trial 18 finished with value: 0.6610960099332193 and parameters: {'embedding_dim': 256, 'window_size': 4, 'normalization': False, 'group_size': 14, 'alpha': -0.6902992202832838, 'logreg_C': 0.08787108196266004, 'logreg_max_iter': 2000}. Best is trial 2 with value: 0.7032786335111917.
Best trial: 2. Best value: 0.703279:  12%|█▏        | 18/150 [8:42:53<67:50:43, 1850.33s/it][trial 0018] state=COMPLETE valid=0.6611 train=0.6995 test_snapshot=0.6452 | best_valid=0.7033 (trial 2)
Best trial: 2. Best value: 0.703279:  12%|█▏        | 18/150 [8:42:53<67:50:43, 1850.33s/it]Best trial: 2. Best value: 0.703279:  13%|█▎        | 19/150 [8:42:53<120:43:02, 3317.43s/it]                                                                                             [I 2026-03-16 15:40:18,898] Trial 19 finished with value: 0.7022047719722139 and parameters: {'embedding_dim': 512, 'window_size': 4, 'normalization': True, 'group_size': 9, 'alpha': -0.46072722108536823, 'logreg_C': 3.9753750646635835, 'logreg_max_iter': 1000}. Best is trial 2 with value: 0.7032786335111917.
Best trial: 2. Best value: 0.703279:  13%|█▎        | 19/150 [9:12:06<120:43:02, 3317.43s/it][trial 0019] state=COMPLETE valid=0.7022 train=0.7498 test_snapshot=0.6899 | best_valid=0.7033 (trial 2)
Best trial: 2. Best value: 0.703279:  13%|█▎        | 19/150 [9:12:06<120:43:02, 3317.43s/it]Best trial: 2. Best value: 0.703279:  13%|█▎        | 20/150 [9:12:06<102:50:39, 2847.99s/it]                                                                                             [I 2026-03-16 15:45:25,981] Trial 20 finished with value: 0.6866337796570354 and parameters: {'embedding_dim': 512, 'window_size': 4, 'normalization': True, 'group_size': 9, 'alpha': -0.7623030123389025, 'logreg_C': 0.0016427802096876424, 'logreg_max_iter': 2000}. Best is trial 2 with value: 0.7032786335111917.
Best trial: 2. Best value: 0.703279:  13%|█▎        | 20/150 [9:17:14<102:50:39, 2847.99s/it][trial 0020] state=COMPLETE valid=0.6866 train=0.7137 test_snapshot=0.6791 | best_valid=0.7033 (trial 2)
Best trial: 2. Best value: 0.703279:  13%|█▎        | 20/150 [9:17:14<102:50:39, 2847.99s/it]Best trial: 2. Best value: 0.703279:  14%|█▍        | 21/150 [9:17:14<74:43:22, 2085.29s/it]                                                                                             [I 2026-03-16 16:14:58,155] Trial 21 finished with value: 0.687539850330548 and parameters: {'embedding_dim': 512, 'window_size': 3, 'normalization': True, 'group_size': 4, 'alpha': -0.4504978530908231, 'logreg_C': 4.288741406627005, 'logreg_max_iter': 1000}. Best is trial 2 with value: 0.7032786335111917.
Best trial: 2. Best value: 0.703279:  14%|█▍        | 21/150 [9:46:46<74:43:22, 2085.29s/it][trial 0021] state=COMPLETE valid=0.6875 train=0.7334 test_snapshot=0.6791 | best_valid=0.7033 (trial 2)
Best trial: 2. Best value: 0.703279:  14%|█▍        | 21/150 [9:46:46<74:43:22, 2085.29s/it]Best trial: 2. Best value: 0.703279:  15%|█▍        | 22/150 [9:46:46<70:48:09, 1991.32s/it]                                                                                            [I 2026-03-16 16:43:52,569] Trial 22 finished with value: 0.699352327259304 and parameters: {'embedding_dim': 512, 'window_size': 5, 'normalization': True, 'group_size': 8, 'alpha': -0.30488442001321714, 'logreg_C': 21.934867797331844, 'logreg_max_iter': 1000}. Best is trial 2 with value: 0.7032786335111917.
Best trial: 2. Best value: 0.703279:  15%|█▍        | 22/150 [10:15:40<70:48:09, 1991.32s/it][trial 0022] state=COMPLETE valid=0.6994 train=0.7497 test_snapshot=0.6909 | best_valid=0.7033 (trial 2)
Best trial: 2. Best value: 0.703279:  15%|█▍        | 22/150 [10:15:40<70:48:09, 1991.32s/it]Best trial: 2. Best value: 0.703279:  15%|█▌        | 23/150 [10:15:40<67:31:46, 1914.23s/it]                                                                                             [I 2026-03-16 17:12:52,366] Trial 23 finished with value: 0.7016007248565388 and parameters: {'embedding_dim': 512, 'window_size': 4, 'normalization': True, 'group_size': 11, 'alpha': -0.09649109810919099, 'logreg_C': 4.69845782626399, 'logreg_max_iter': 1000}. Best is trial 2 with value: 0.7032786335111917.
Best trial: 2. Best value: 0.703279:  15%|█▌        | 23/150 [10:44:40<67:31:46, 1914.23s/it][trial 0023] state=COMPLETE valid=0.7016 train=0.7490 test_snapshot=0.6912 | best_valid=0.7033 (trial 2)
Best trial: 2. Best value: 0.703279:  15%|█▌        | 23/150 [10:44:40<67:31:46, 1914.23s/it]Best trial: 2. Best value: 0.703279:  16%|█▌        | 24/150 [10:44:40<65:09:57, 1861.89s/it]                                                                                             [I 2026-03-16 17:41:23,768] Trial 24 finished with value: 0.6997550253364206 and parameters: {'embedding_dim': 512, 'window_size': 5, 'normalization': True, 'group_size': 15, 'alpha': -0.2067224021129274, 'logreg_C': 0.7991887136602867, 'logreg_max_iter': 1000}. Best is trial 2 with value: 0.7032786335111917.
Best trial: 2. Best value: 0.703279:  16%|█▌        | 24/150 [11:13:11<65:09:57, 1861.89s/it][trial 0024] state=COMPLETE valid=0.6998 train=0.7509 test_snapshot=0.6905 | best_valid=0.7033 (trial 2)
